  Performing full C++ include scan (building a new target)
  Using 'git status' to determine working set for adaptive non-unity build.
  Creating makefile for FPSGameEditor (no existing makefile)
  Parsing headers for FPSGameEditor
    Running UnrealHeaderTool "C:\Users\antho\DevLocal\StealthGameProjectBase418\StealthGame\FPSGame.uproject" "C:\Users\antho\DevLocal\StealthGameProjectBase418\StealthGame\Intermediate\Build\Win64\FPSGameEditor\Development\FPSGameEditor.uhtmanifest" -LogCmds="loginit warning, logexit warning, logdatabase error" -Unattended -WarningsAsErrors -installed
  Reflection code generated for FPSGameEditor in 11.7828508 seconds
  Performing 15 actions (16 in parallel)
  [3/15] Resource PCLaunch.rc
  [2/15] Resource ModuleVersionResource.rc.inl
  SharedPCH.Engine.cpp
  FPSGameMode.cpp
  FPSHUD.cpp
  FPSCharacter.gen.cpp
  FPSCharacter.cpp
  FPSProjectile.gen.cpp
  FPSHUD.gen.cpp
  FPSGameMode.gen.cpp
  FPSProjectile.cpp
  FPSGame.cpp
  FPSGame.init.gen.cpp
  [14/15] Link UE4Editor-FPSGame.dll
  [15/15] Link UE4Editor-FPSGame.lib
     Creating library C:\Users\antho\DevLocal\StealthGameProjectBase418\StealthGame\Intermediate\Build\Win64\UE4Editor\Development\UE4Editor-FPSGame.lib and object C:\Users\antho\DevLocal\StealthGameProjectBase418\StealthGame\Intermediate\Build\Win64\UE4Editor\Development\UE4Editor-FPSGame.exp
     Creating library C:\Users\antho\DevLocal\StealthGameProjectBase418\StealthGame\Intermediate\Build\Win64\UE4Editor\Development\UE4Editor-FPSGame.suppressed.lib and object C:\Users\antho\DevLocal\StealthGameProjectBase418\StealthGame\Intermediate\Build\Win64\UE4Editor\Development\UE4Editor-FPSGame.suppressed.exp
  Deploying FPSGameEditor Win64 Development...
  Total build time: 94.70 seconds (Local executor: 39.23 seconds)
