Log file open, 01/02/18 13:33:42
LogWindows: Failed to load 'aqProf.dll' (GetLastError=126)
LogWindows: File 'aqProf.dll' does not exist
LogWindows: Failed to load 'VtuneApi.dll' (GetLastError=126)
LogWindows: File 'VtuneApi.dll' does not exist
LogWindows: Failed to load 'VtuneApi32e.dll' (GetLastError=126)
LogWindows: File 'VtuneApi32e.dll' does not exist
LogInit: Display: Running engine for game: FPSGame
LogPlatformFile: Not using cached read wrapper
LogInit: Display: RandInit(-1371879356) SRandInit(-1371879356).
LogInit: Read version file with build ID '3709383'
LogInit: Overriding engine version to CL 3794801, compatible CL 3709383
LogInit: Registered custom module enumerator with build ID '3709383'
LogTaskGraph: Started task graph with 5 named threads and 14 total threads with 3 sets of task threads.
LogStats: Stats thread started at 0.945239
LogD3D11RHI: Aftermath initialized
LogPluginManager: Mounting plugin Paper2D
LogPluginManager: Mounting plugin LightPropagationVolume
LogPluginManager: Mounting plugin CodeLiteSourceCodeAccess
LogPluginManager: Mounting plugin GitSourceControl
LogPluginManager: Mounting plugin KDevelopSourceCodeAccess
LogPluginManager: Mounting plugin NullSourceCodeAccess
LogPluginManager: Mounting plugin PerforceSourceControl
LogPluginManager: Mounting plugin SubversionSourceControl
LogPluginManager: Mounting plugin UObjectPlugin
LogPluginManager: Mounting plugin VisualStudioCodeSourceCodeAccess
LogPluginManager: Mounting plugin VisualStudioSourceCodeAccess
LogPluginManager: Mounting plugin XCodeSourceCodeAccess
LogPluginManager: Mounting plugin AssetManagerEditor
LogPluginManager: Mounting plugin AudioCapture
LogPluginManager: Mounting plugin FacialAnimation
LogPluginManager: Mounting plugin GameplayTagsEditor
LogPluginManager: Mounting plugin MobileLauncherProfileWizard
LogPluginManager: Mounting plugin PluginBrowser
LogPluginManager: Mounting plugin SpeedTreeImporter
LogPluginManager: Mounting plugin AlembicImporter
LogPluginManager: Mounting plugin CharacterAI
LogPluginManager: Mounting plugin HTML5Networking
LogPluginManager: Mounting plugin AndroidMedia
LogPluginManager: Mounting plugin AvfMedia
LogPluginManager: Mounting plugin ImgMedia
LogPluginManager: Mounting plugin MediaCompositing
LogPluginManager: Mounting plugin MediaPlayerEditor
LogPluginManager: Mounting plugin WmfMedia
LogPluginManager: Mounting plugin TcpMessaging
LogPluginManager: Mounting plugin UdpMessaging
LogPluginManager: Mounting plugin ActorSequence
LogPluginManager: Mounting plugin LevelSequenceEditor
LogPluginManager: Mounting plugin MatineeToLevelSequence
LogPluginManager: Mounting plugin OnlineSubsystemGooglePlay
LogPluginManager: Mounting plugin OnlineSubsystemIOS
LogPluginManager: Mounting plugin OnlineSubsystem
LogPluginManager: Mounting plugin OnlineSubsystemNull
LogPluginManager: Mounting plugin OnlineSubsystemUtils
LogPluginManager: Mounting plugin AndroidDeviceProfileSelector
LogPluginManager: Mounting plugin AndroidMoviePlayer
LogPluginManager: Mounting plugin AndroidPermission
LogPluginManager: Mounting plugin AppleARKit
LogPluginManager: Mounting plugin AppleMoviePlayer
LogPluginManager: Mounting plugin ArchVisCharacter
LogPluginManager: Mounting plugin CableComponent
LogPluginManager: Mounting plugin CustomMeshComponent
LogPluginManager: Mounting plugin ExampleDeviceProfileSelector
LogPluginManager: Mounting plugin GoogleCloudMessaging
LogPluginManager: Mounting plugin ImmediatePhysics
LogPluginManager: Mounting plugin IOSDeviceProfileSelector
LogPluginManager: Mounting plugin LinuxDeviceProfileSelector
LogPluginManager: Mounting plugin LocationServicesBPLibrary
LogPluginManager: Mounting plugin MobilePatchingUtils
LogPluginManager: Mounting plugin OculusVR
LogPluginManager: Plugin shader directory ../../../Engine/Plugins/Runtime/Oculus/OculusVR/Shaders found
LogPluginManager: Mapping shader source directory ../../../Engine/Plugins/Runtime/Oculus/OculusVR/Shaders to virtual directory /Plugin/OculusVR
LogPluginManager: Mounting plugin PhysXVehicles
LogPluginManager: Mounting plugin ProceduralMeshComponent
LogPluginManager: Mounting plugin RuntimePhysXCooking
LogPluginManager: Mounting plugin SteamVR
LogPluginManager: Mounting plugin WindowsMoviePlayer
LogModuleManager: Display: Found up-to-date module file ../../../../../../Users/antho/DevLocal/StealthGameProjectBase418/StealthGame/Binaries/Win64/UE4Editor-FPSGame-8151.dll (API version 3709383).
LogModuleManager: Display: Found up-to-date module file ../../../Engine/Plugins/2D/Paper2D/Binaries/Win64/UE4Editor-Paper2D.dll (API version 3709383).
LogModuleManager: Display: Found up-to-date module file ../../../Engine/Plugins/2D/Paper2D/Binaries/Win64/UE4Editor-Paper2DEditor.dll (API version 3709383).
LogModuleManager: Display: Found up-to-date module file ../../../Engine/Plugins/2D/Paper2D/Binaries/Win64/UE4Editor-PaperSpriteSheetImporter.dll (API version 3709383).
LogModuleManager: Display: Found up-to-date module file ../../../Engine/Plugins/2D/Paper2D/Binaries/Win64/UE4Editor-PaperTiledImporter.dll (API version 3709383).
LogModuleManager: Display: Found up-to-date module file ../../../Engine/Plugins/2D/Paper2D/Binaries/Win64/UE4Editor-SmartSnapping.dll (API version 3709383).
LogModuleManager: Display: Found up-to-date module file ../../../Engine/Plugins/Blendables/LightPropagationVolume/Binaries/Win64/UE4Editor-LightPropagationVolumeRuntime.dll (API version 3709383).
LogModuleManager: Display: Found up-to-date module file ../../../Engine/Plugins/Blendables/LightPropagationVolume/Binaries/Win64/UE4Editor-LightPropagationVolumeEditor.dll (API version 3709383).
LogModuleManager: Display: Found up-to-date module file ../../../Engine/Plugins/Developer/GitSourceControl/Binaries/Win64/UE4Editor-GitSourceControl.dll (API version 3709383).
LogModuleManager: Display: Found up-to-date module file ../../../Engine/Plugins/Developer/PerforceSourceControl/Binaries/Win64/UE4Editor-PerforceSourceControl.dll (API version 3709383).
LogModuleManager: Display: Found up-to-date module file ../../../Engine/Plugins/Developer/SubversionSourceControl/Binaries/Win64/UE4Editor-SubversionSourceControl.dll (API version 3709383).
LogModuleManager: Display: Found up-to-date module file ../../../Engine/Plugins/Developer/UObjectPlugin/Binaries/Win64/UE4Editor-UObjectPlugin.dll (API version 3709383).
LogModuleManager: Display: Found up-to-date module file ../../../Engine/Plugins/Developer/VisualStudioCodeSourceCodeAccess/Binaries/Win64/UE4Editor-VisualStudioCodeSourceCodeAccess.dll (API version 3709383).
LogModuleManager: Display: Found up-to-date module file ../../../Engine/Plugins/Developer/VisualStudioSourceCodeAccess/Binaries/Win64/UE4Editor-VisualStudioSourceCodeAccess.dll (API version 3709383).
LogModuleManager: Display: Found up-to-date module file ../../../Engine/Plugins/Editor/AssetManagerEditor/Binaries/Win64/UE4Editor-AssetManagerEditor.dll (API version 3709383).
LogModuleManager: Display: Found up-to-date module file ../../../Engine/Plugins/Editor/AudioCapture/Binaries/Win64/UE4Editor-AudioCapture.dll (API version 3709383).
LogModuleManager: Display: Found up-to-date module file ../../../Engine/Plugins/Editor/FacialAnimation/Binaries/Win64/UE4Editor-FacialAnimation.dll (API version 3709383).
LogModuleManager: Display: Found up-to-date module file ../../../Engine/Plugins/Editor/FacialAnimation/Binaries/Win64/UE4Editor-FacialAnimationEditor.dll (API version 3709383).
LogModuleManager: Display: Found up-to-date module file ../../../Engine/Plugins/Editor/GameplayTagsEditor/Binaries/Win64/UE4Editor-GameplayTagsEditor.dll (API version 3709383).
LogModuleManager: Display: Found up-to-date module file ../../../Engine/Plugins/Editor/MobileLauncherProfileWizard/Binaries/Win64/UE4Editor-MobileLauncherProfileWizard.dll (API version 3709383).
LogModuleManager: Display: Found up-to-date module file ../../../Engine/Plugins/Editor/PluginBrowser/Binaries/Win64/UE4Editor-PluginBrowser.dll (API version 3709383).
LogModuleManager: Display: Found up-to-date module file ../../../Engine/Plugins/Editor/SpeedTreeImporter/Binaries/Win64/UE4Editor-SpeedTreeImporter.dll (API version 3709383).
LogModuleManager: Display: Found up-to-date module file ../../../Engine/Plugins/Experimental/AlembicImporter/Binaries/Win64/UE4Editor-AlembicImporter.dll (API version 3709383).
LogModuleManager: Display: Found up-to-date module file ../../../Engine/Plugins/Experimental/AlembicImporter/Binaries/Win64/UE4Editor-AlembicLibrary.dll (API version 3709383).
LogModuleManager: Display: Found up-to-date module file ../../../Engine/Plugins/Experimental/CharacterAI/Binaries/Win64/UE4Editor-CharacterAI.dll (API version 3709383).
LogModuleManager: Display: Found up-to-date module file ../../../Engine/Plugins/Experimental/HTML5Networking/Binaries/Win64/UE4Editor-HTML5Networking.dll (API version 3709383).
LogModuleManager: Display: Found up-to-date module file ../../../Engine/Plugins/Media/AndroidMedia/Binaries/Win64/UE4Editor-AndroidMediaEditor.dll (API version 3709383).
LogModuleManager: Display: Found up-to-date module file ../../../Engine/Plugins/Media/AndroidMedia/Binaries/Win64/UE4Editor-AndroidMediaFactory.dll (API version 3709383).
LogModuleManager: Display: Found up-to-date module file ../../../Engine/Plugins/Media/AvfMedia/Binaries/Win64/UE4Editor-AvfMediaEditor.dll (API version 3709383).
LogModuleManager: Display: Found up-to-date module file ../../../Engine/Plugins/Media/AvfMedia/Binaries/Win64/UE4Editor-AvfMediaFactory.dll (API version 3709383).
LogModuleManager: Display: Found up-to-date module file ../../../Engine/Plugins/Media/AvfMedia/Binaries/Win64/UE4Editor-AvfMediaFactory.dll (API version 3709383).
LogModuleManager: Display: Found up-to-date module file ../../../Engine/Plugins/Media/ImgMedia/Binaries/Win64/UE4Editor-ImgMedia.dll (API version 3709383).
LogModuleManager: Display: Found up-to-date module file ../../../Engine/Plugins/Media/ImgMedia/Binaries/Win64/UE4Editor-ImgMediaEditor.dll (API version 3709383).
LogModuleManager: Display: Found up-to-date module file ../../../Engine/Plugins/Media/ImgMedia/Binaries/Win64/UE4Editor-ImgMediaFactory.dll (API version 3709383).
LogModuleManager: Display: Found up-to-date module file ../../../Engine/Plugins/Media/ImgMedia/Binaries/Win64/UE4Editor-ImgMediaFactory.dll (API version 3709383).
LogModuleManager: Display: Found up-to-date module file ../../../Engine/Plugins/Media/ImgMedia/Binaries/Win64/UE4Editor-OpenExrWrapper.dll (API version 3709383).
LogModuleManager: Display: Found up-to-date module file ../../../Engine/Plugins/Media/MediaCompositing/Binaries/Win64/UE4Editor-MediaCompositing.dll (API version 3709383).
LogModuleManager: Display: Found up-to-date module file ../../../Engine/Plugins/Media/MediaCompositing/Binaries/Win64/UE4Editor-MediaCompositingEditor.dll (API version 3709383).
LogModuleManager: Display: Found up-to-date module file ../../../Engine/Plugins/Media/MediaPlayerEditor/Binaries/Win64/UE4Editor-MediaPlayerEditor.dll (API version 3709383).
LogModuleManager: Display: Found up-to-date module file ../../../Engine/Plugins/Media/WmfMedia/Binaries/Win64/UE4Editor-WmfMedia.dll (API version 3709383).
LogModuleManager: Display: Found up-to-date module file ../../../Engine/Plugins/Media/WmfMedia/Binaries/Win64/UE4Editor-WmfMediaEditor.dll (API version 3709383).
LogModuleManager: Display: Found up-to-date module file ../../../Engine/Plugins/Media/WmfMedia/Binaries/Win64/UE4Editor-WmfMediaFactory.dll (API version 3709383).
LogModuleManager: Display: Found up-to-date module file ../../../Engine/Plugins/Media/WmfMedia/Binaries/Win64/UE4Editor-WmfMediaFactory.dll (API version 3709383).
LogModuleManager: Display: Found up-to-date module file ../../../Engine/Plugins/Messaging/TcpMessaging/Binaries/Win64/UE4Editor-TcpMessaging.dll (API version 3709383).
LogModuleManager: Display: Found up-to-date module file ../../../Engine/Plugins/Messaging/UdpMessaging/Binaries/Win64/UE4Editor-UdpMessaging.dll (API version 3709383).
LogModuleManager: Display: Found up-to-date module file ../../../Engine/Plugins/MovieScene/ActorSequence/Binaries/Win64/UE4Editor-ActorSequence.dll (API version 3709383).
LogModuleManager: Display: Found up-to-date module file ../../../Engine/Plugins/MovieScene/LevelSequenceEditor/Binaries/Win64/UE4Editor-LevelSequenceEditor.dll (API version 3709383).
LogModuleManager: Display: Found up-to-date module file ../../../Engine/Plugins/MovieScene/MatineeToLevelSequence/Binaries/Win64/UE4Editor-MatineeToLevelSequence.dll (API version 3709383).
LogModuleManager: Display: Found up-to-date module file ../../../Engine/Plugins/Online/OnlineSubsystem/Binaries/Win64/UE4Editor-OnlineSubsystem.dll (API version 3709383).
LogModuleManager: Display: Found up-to-date module file ../../../Engine/Plugins/Online/OnlineSubsystemNull/Binaries/Win64/UE4Editor-OnlineSubsystemNull.dll (API version 3709383).
LogModuleManager: Display: Found up-to-date module file ../../../Engine/Plugins/Online/OnlineSubsystemUtils/Binaries/Win64/UE4Editor-OnlineSubsystemUtils.dll (API version 3709383).
LogModuleManager: Display: Found up-to-date module file ../../../Engine/Plugins/Online/OnlineSubsystemUtils/Binaries/Win64/UE4Editor-OnlineBlueprintSupport.dll (API version 3709383).
LogModuleManager: Display: Found up-to-date module file ../../../Engine/Plugins/Runtime/AndroidDeviceProfileSelector/Binaries/Win64/UE4Editor-AndroidDeviceProfileSelector.dll (API version 3709383).
LogModuleManager: Display: Found up-to-date module file ../../../Engine/Plugins/Runtime/AndroidPermission/Binaries/Win64/UE4Editor-AndroidPermission.dll (API version 3709383).
LogModuleManager: Display: Found up-to-date module file ../../../Engine/Plugins/Runtime/AppleARKit/Binaries/Win64/UE4Editor-AppleARKit.dll (API version 3709383).
LogModuleManager: Display: Found up-to-date module file ../../../Engine/Plugins/Runtime/ArchVisCharacter/Binaries/Win64/UE4Editor-ArchVisCharacter.dll (API version 3709383).
LogModuleManager: Display: Found up-to-date module file ../../../Engine/Plugins/Runtime/CableComponent/Binaries/Win64/UE4Editor-CableComponent.dll (API version 3709383).
LogModuleManager: Display: Found up-to-date module file ../../../Engine/Plugins/Runtime/CustomMeshComponent/Binaries/Win64/UE4Editor-CustomMeshComponent.dll (API version 3709383).
LogModuleManager: Display: Found up-to-date module file ../../../Engine/Plugins/Runtime/ExampleDeviceProfileSelector/Binaries/Win64/UE4Editor-ExampleDeviceProfileSelector.dll (API version 3709383).
LogModuleManager: Display: Found up-to-date module file ../../../Engine/Plugins/Runtime/ImmediatePhysics/Binaries/Win64/UE4Editor-ImmediatePhysics.dll (API version 3709383).
LogModuleManager: Display: Found up-to-date module file ../../../Engine/Plugins/Runtime/ImmediatePhysics/Binaries/Win64/UE4Editor-ImmediatePhysicsEditor.dll (API version 3709383).
LogModuleManager: Display: Found up-to-date module file ../../../Engine/Plugins/Runtime/LocationServicesBPLibrary/Binaries/Win64/UE4Editor-LocationServicesBPLibrary.dll (API version 3709383).
LogModuleManager: Display: Found up-to-date module file ../../../Engine/Plugins/Runtime/MobilePatchingUtils/Binaries/Win64/UE4Editor-MobilePatchingUtils.dll (API version 3709383).
LogModuleManager: Display: Found up-to-date module file ../../../Engine/Plugins/Runtime/Oculus/OculusVR/Binaries/Win64/UE4Editor-OculusHMD.dll (API version 3709383).
LogModuleManager: Display: Found up-to-date module file ../../../Engine/Plugins/Runtime/Oculus/OculusVR/Binaries/Win64/UE4Editor-OculusInput.dll (API version 3709383).
LogModuleManager: Display: Found up-to-date module file ../../../Engine/Plugins/Runtime/Oculus/OculusVR/Binaries/Win64/UE4Editor-OculusEditor.dll (API version 3709383).
LogModuleManager: Display: Found up-to-date module file ../../../Engine/Plugins/Runtime/PhysXVehicles/Binaries/Win64/UE4Editor-PhysXVehicles.dll (API version 3709383).
LogModuleManager: Display: Found up-to-date module file ../../../Engine/Plugins/Runtime/PhysXVehicles/Binaries/Win64/UE4Editor-PhysXVehiclesEditor.dll (API version 3709383).
LogModuleManager: Display: Found up-to-date module file ../../../Engine/Plugins/Runtime/ProceduralMeshComponent/Binaries/Win64/UE4Editor-ProceduralMeshComponent.dll (API version 3709383).
LogModuleManager: Display: Found up-to-date module file ../../../Engine/Plugins/Runtime/ProceduralMeshComponent/Binaries/Win64/UE4Editor-ProceduralMeshComponentEditor.dll (API version 3709383).
LogModuleManager: Display: Found up-to-date module file ../../../Engine/Plugins/Runtime/RuntimePhysXCooking/Binaries/Win64/UE4Editor-RuntimePhysXCooking.dll (API version 3709383).
LogModuleManager: Display: Found up-to-date module file ../../../Engine/Plugins/Runtime/Steam/SteamVR/Binaries/Win64/UE4Editor-SteamVR.dll (API version 3709383).
LogModuleManager: Display: Found up-to-date module file ../../../Engine/Plugins/Runtime/Steam/SteamVR/Binaries/Win64/UE4Editor-SteamVRController.dll (API version 3709383).
LogModuleManager: Display: Found up-to-date module file ../../../Engine/Plugins/Runtime/WindowsMoviePlayer/Binaries/Win64/UE4Editor-WindowsMoviePlayer.dll (API version 3709383).
LogInit: Using libcurl 7.47.1
LogInit:  - built for x86_64-pc-win32
LogInit:  - supports SSL with OpenSSL/1.0.2g
LogInit:  - supports HTTP deflate (compression) using libz 1.2.8
LogInit:  - other features:
LogInit:      CURL_VERSION_SSL
LogInit:      CURL_VERSION_LIBZ
LogInit:      CURL_VERSION_IPV6
LogInit:      CURL_VERSION_ASYNCHDNS
LogInit:      CURL_VERSION_LARGEFILE
LogInit:      CURL_VERSION_IDN
LogInit:  CurlRequestOptions (configurable via config and command line):
LogInit:  - bVerifyPeer = false  - Libcurl will NOT verify peer certificate
LogInit:  - bUseHttpProxy = false  - Libcurl will NOT use HTTP proxy
LogInit:  - bDontReuseConnections = false  - Libcurl will reuse connections
LogInit:  - CertBundlePath = nullptr  - Libcurl will use whatever was configured at build time.
LogInit: Build: ++UE4+Release-4.18-CL-3794801
LogInit: Engine Version: 4.18.2-3794801+++UE4+Release-4.18
LogInit: Compatible Engine Version: 4.18.0-3709383+++UE4+Release-4.18
LogInit: Net CL: 3709383
LogDevObjectVersion: Number of dev versions registered: 16
LogDevObjectVersion:   Dev-Blueprints (B0D832E4-1F89-4F0D-ACCF-7EB736FD4AA2): 10
LogDevObjectVersion:   Dev-Build (E1C64328-A22C-4D53-A36C-8E866417BD8C): 0
LogDevObjectVersion:   Dev-Core (375EC13C-06E4-48FB-B500-84F0262A717E): 2
LogDevObjectVersion:   Dev-Editor (E4B068ED-F494-42E9-A231-DA0B2E46BB41): 20
LogDevObjectVersion:   Dev-Framework (CFFC743F-43B0-4480-9391-14DF171D2073): 30
LogDevObjectVersion:   Dev-Mobile (B02B49B5-BB20-44E9-A304-32B752E40360): 0
LogDevObjectVersion:   Dev-Networking (A4E4105C-59A1-49B5-A7C5-40C4547EDFEE): 0
LogDevObjectVersion:   Dev-Online (39C831C9-5AE6-47DC-9A44-9C173E1C8E7C): 0
LogDevObjectVersion:   Dev-Physics (78F01B33-EBEA-4F98-B9B4-84EACCB95AA2): 0
LogDevObjectVersion:   Dev-Platform (6631380F-2D4D-43E0-8009-CF276956A95A): 0
LogDevObjectVersion:   Dev-Rendering (12F88B9F-8875-4AFC-A67C-D90C383ABD29): 20
LogDevObjectVersion:   Dev-Sequencer (7B5AE74C-D270-4C10-A958-57980B212A5A): 4
LogDevObjectVersion:   Dev-VR (D7296918-1DD6-4BDD-9DE2-64A83CC13884): 0
LogDevObjectVersion:   Dev-LoadTimes (C2A15278-BFE7-4AFE-6C17-90FF531DF755): 1
LogDevObjectVersion:   Private-Geometry (6EACA3D4-40EC-4CC1-B786-8BED09428FC5): 1
LogDevObjectVersion:   Dev-AnimPhys (29E575DD-E0A3-4627-9D10-D276232CDCEA): 12
LogInit: Compiled (64-bit): Dec  8 2017 02:04:53
LogInit: Compiled with Visual C++: 19.00.24215.01
LogInit: Build Configuration: Development
LogInit: Branch Name: ++UE4+Release-4.18
LogInit: Command line:  
LogInit: Base directory: C:/Program Files/Epic Games/UE_4.18/Engine/Binaries/Win64/
LogInit: Installed Engine Build: 1
LogInit: Presizing for max 8388607 objects, including 0 objects not considered by GC, pre-allocating 0 bytes for permanent pool.
LogInit: Object subsystem initialized
[2018.01.02-20.33.45:192][  0]LogInit: Selected Device Profile: [Windows]
[2018.01.02-20.33.45:192][  0]LogInit: Applying CVar settings loaded from the selected device profile: [Windows]
[2018.01.02-20.33.45:300][  0]LogInit: Computer: DESKTOP-96GJUGK
[2018.01.02-20.33.45:300][  0]LogInit: User: antho
[2018.01.02-20.33.45:300][  0]LogInit: CPU Page size=4096, Cores=4
[2018.01.02-20.33.45:300][  0]LogInit: High frequency timer resolution =2.531250 MHz
[2018.01.02-20.33.45:301][  0]LogMemory: Memory total: Physical=7.9GB (8GB approx)
[2018.01.02-20.33.45:301][  0]LogMemory: Platform Memory Stats for Windows
[2018.01.02-20.33.45:301][  0]LogMemory: Process Physical Memory: 272.68 MB used, 272.68 MB peak
[2018.01.02-20.33.45:301][  0]LogMemory: Process Virtual Memory: 271.82 MB used, 271.82 MB peak
[2018.01.02-20.33.45:301][  0]LogMemory: Physical Memory: 7019.33 MB used,  1072.27 MB free, 8091.60 MB total
[2018.01.02-20.33.45:301][  0]LogMemory: Virtual Memory: 684.54 MB used,  1072.27 MB free, 134217728.00 MB total
[2018.01.02-20.33.46:728][  0]LogInit: Using OS detected language (en-US).
[2018.01.02-20.33.46:728][  0]LogInit: Using OS detected locale (en-US).
[2018.01.02-20.33.47:500][  0]LogTextLocalizationManager: No specific localization for 'en-US' exists, so the 'en' localization will be used.
[2018.01.02-20.33.48:150][  0]LogInit: Setting process to per monitor DPI aware
[2018.01.02-20.33.54:260][  0]LogD3D11RHI: D3D11 adapters:
[2018.01.02-20.33.54:431][  0]LogD3D11RHI:    0. 'NVIDIA GeForce GTX 970M' (Feature Level 11_0)
[2018.01.02-20.33.54:431][  0]LogD3D11RHI:       3038/0/4045 MB DedicatedVideo/DedicatedSystem/SharedSystem, Outputs:2, VendorId:0x10de
[2018.01.02-20.33.54:443][  0]LogD3D11RHI:    1. 'Intel(R) HD Graphics 530' (Feature Level 11_0)
[2018.01.02-20.33.54:443][  0]LogD3D11RHI:       128/0/4045 MB DedicatedVideo/DedicatedSystem/SharedSystem, Outputs:0, VendorId:0x8086
[2018.01.02-20.33.54:457][  0]LogD3D11RHI:    2. 'Microsoft Basic Render Driver' (Feature Level 11_0)
[2018.01.02-20.33.54:457][  0]LogD3D11RHI:       0/0/4045 MB DedicatedVideo/DedicatedSystem/SharedSystem, Outputs:0, VendorId:0x1414
[2018.01.02-20.33.54:457][  0]LogD3D11RHI: Chosen D3D11 Adapter: 0
[2018.01.02-20.33.54:467][  0]LogD3D11RHI: Creating new Direct3DDevice
[2018.01.02-20.33.54:468][  0]LogD3D11RHI:     GPU DeviceId: 0x13d8 (for the marketing name, search the web for "GPU Device Id")
[2018.01.02-20.33.54:468][  0]LogWindows: EnumDisplayDevices:
[2018.01.02-20.33.54:472][  0]LogWindows:    0. 'Intel(R) HD Graphics 530' (P:1 D:1)
[2018.01.02-20.33.54:473][  0]LogWindows:    1. 'Intel(R) HD Graphics 530' (P:0 D:0)
[2018.01.02-20.33.54:473][  0]LogWindows:    2. 'Intel(R) HD Graphics 530' (P:0 D:0)
[2018.01.02-20.33.54:473][  0]LogWindows:    3. 'NVIDIA GeForce GTX 970M' (P:0 D:1)
[2018.01.02-20.33.54:473][  0]LogWindows: DebugString: GetVideoDriverDetailsInvalid PrimaryIsNotTheChoosenAdapter GetVideoDriverDetailsInvalid PrimaryIsNotTheChoosenAdapter GetVideoDriverDetailsInvalid PrimaryIsNotTheChoosenAdapter GetVideoDriverDetailsInvalid PrimaryIsNotTheChoosenAdapter FoundDriverCount:0 
[2018.01.02-20.33.54:473][  0]LogD3D11RHI:     Adapter Name: NVIDIA GeForce GTX 970M
[2018.01.02-20.33.54:473][  0]LogD3D11RHI:   Driver Version: Unknown (internal:Unknown, unified:Unknown)
[2018.01.02-20.33.54:473][  0]LogD3D11RHI:      Driver Date: Unknown
[2018.01.02-20.33.54:473][  0]LogRHI: Texture pool is 2127 MB (70% of 3038 MB)
[2018.01.02-20.33.54:507][  0]LogD3D11RHI: Async texture creation enabled
[2018.01.02-20.33.54:740][  0]LogD3D11RHI: GPU Timing Frequency: 1000.000000 (Debug: 2 1)
[2018.01.02-20.33.54:804][  0]LogShaderCompilers: Guid format shader working directory is -31 characters bigger than the processId version (../../../../../../Users/antho/DevLocal/StealthGameProjectBase418/StealthGame/Intermediate/Shaders/WorkingDirectory/22284/).
[2018.01.02-20.33.54:804][  0]LogShaderCompilers: Cleaned the shader compiler working directory 'C:/Users/antho/AppData/Local/Temp/UnrealShaderWorkingDir/C35902474A465E250B96CA87E1AB8BA1/'.
[2018.01.02-20.33.54:805][  0]LogShaderCompilers: Display: Using Local Shader Compiler.
[2018.01.02-20.33.59:045][  0]LogTemp: Display: Loaded TP AllDesktopTargetPlatform
[2018.01.02-20.33.59:104][  0]LogTemp: Display: Loaded TP MacClientTargetPlatform
[2018.01.02-20.33.59:168][  0]LogTemp: Display: Loaded TP MacNoEditorTargetPlatform
[2018.01.02-20.33.59:228][  0]LogTemp: Display: Loaded TP MacServerTargetPlatform
[2018.01.02-20.33.59:296][  0]LogTemp: Display: Loaded TP MacTargetPlatform
[2018.01.02-20.33.59:354][  0]LogTemp: Display: Loaded TP WindowsClientTargetPlatform
[2018.01.02-20.33.59:411][  0]LogTemp: Display: Loaded TP WindowsNoEditorTargetPlatform
[2018.01.02-20.33.59:475][  0]LogTemp: Display: Loaded TP WindowsServerTargetPlatform
[2018.01.02-20.33.59:530][  0]LogTemp: Display: Loaded TP WindowsTargetPlatform
[2018.01.02-20.33.59:590][  0]LogTemp: Display: Loaded TP Android_ASTCTargetPlatform
[2018.01.02-20.33.59:648][  0]LogTemp: Display: Loaded TP Android_ATCTargetPlatform
[2018.01.02-20.33.59:707][  0]LogTemp: Display: Loaded TP Android_DXTTargetPlatform
[2018.01.02-20.33.59:764][  0]LogTemp: Display: Loaded TP Android_ETC1TargetPlatform
[2018.01.02-20.33.59:825][  0]LogTemp: Display: Loaded TP Android_ETC2TargetPlatform
[2018.01.02-20.33.59:958][  0]LogTemp: Display: Loaded TP Android_MultiTargetPlatform
[2018.01.02-20.33.59:958][  0]LogTemp: Display: Loaded TP Android_PVRTCTargetPlatform
[2018.01.02-20.34.00:032][  0]LogTemp: Display: Loaded TP AndroidTargetPlatform
[2018.01.02-20.34.00:088][  0]LogTemp: Display: Loaded TP HTML5TargetPlatform
[2018.01.02-20.34.00:207][  0]LogTemp: Display: Loaded TP IOSTargetPlatform
[2018.01.02-20.34.00:240][  0]LogTemp: Display: Loaded TP TVOSTargetPlatform
[2018.01.02-20.34.00:306][  0]LogTemp: Display: Loaded TP LinuxClientTargetPlatform
[2018.01.02-20.34.00:366][  0]LogTemp: Display: Loaded TP LinuxNoEditorTargetPlatform
[2018.01.02-20.34.00:433][  0]LogTemp: Display: Loaded TP LinuxServerTargetPlatform
[2018.01.02-20.34.00:508][  0]LogTemp: Display: Loaded TP LinuxTargetPlatform
[2018.01.02-20.34.00:508][  0]LogTargetPlatformManager: Display: Building Assets For Windows
[2018.01.02-20.34.01:483][  0]LogDerivedDataCache: Display: Max Cache Size: 512 MB
[2018.01.02-20.34.01:969][  0]LogDerivedDataCache: Loaded boot cache 0.48s 79MB C:/Users/antho/AppData/Local/UnrealEngine/4.18/DerivedDataCache/Boot.ddc.
[2018.01.02-20.34.01:969][  0]LogDerivedDataCache: Display: Loaded Boot cache: C:/Users/antho/AppData/Local/UnrealEngine/4.18/DerivedDataCache/Boot.ddc
[2018.01.02-20.34.01:969][  0]LogDerivedDataCache: FDerivedDataBackendGraph:  Pak pak cache file ../../../../../../Users/antho/DevLocal/StealthGameProjectBase418/StealthGame/DerivedDataCache/DDC.ddp not found, will not use a pak cache.
[2018.01.02-20.34.01:969][  0]LogDerivedDataCache: Unable to find inner node Pak for hierarchical cache Hierarchy.
[2018.01.02-20.34.01:969][  0]LogDerivedDataCache: FDerivedDataBackendGraph:  CompressedPak pak cache file ../../../../../../Users/antho/DevLocal/StealthGameProjectBase418/StealthGame/DerivedDataCache/Compressed.ddp not found, will not use a pak cache.
[2018.01.02-20.34.01:969][  0]LogDerivedDataCache: Unable to find inner node CompressedPak for hierarchical cache Hierarchy.
[2018.01.02-20.34.02:014][  0]LogDerivedDataCache: Display: Pak cache opened for reading ../../../Engine/DerivedDataCache/Compressed.ddp.
[2018.01.02-20.34.02:027][  0]LogDerivedDataCache: Using Local data cache path C:/Users/antho/AppData/Local/UnrealEngine/Common/DerivedDataCache: Writable
[2018.01.02-20.34.02:048][  0]LogMaterial: Verifying Global Shaders for PCD3D_SM5
[2018.01.02-20.34.02:056][  0]LogSlate: Using Freetype 2.6.0
[2018.01.02-20.34.02:081][  0]LogSlate: SlateFontCache - WITH_FREETYPE: 1, WITH_HARFBUZZ: 1
[2018.01.02-20.34.02:081][  0]LogSlate: SlateFontCache - WITH_FREETYPE: 1, WITH_HARFBUZZ: 1
[2018.01.02-20.34.03:623][  0]LogInit: Selected Device Profile: [Windows]
[2018.01.02-20.34.04:953][  0]LogSimplygon: Simplygon DLL not present - disabling.
[2018.01.02-20.34.05:007][  0]LogMeshReduction: Using SimplygonSwarm for distributed automatic mesh merging
[2018.01.02-20.34.05:010][  0]LogMeshReduction: Using QuadricMeshReduction for automatic static mesh reduction
[2018.01.02-20.34.05:010][  0]LogMeshReduction: No automatic skeletal mesh reduction module available
[2018.01.02-20.34.05:010][  0]LogMeshReduction: No automatic mesh merging module available
[2018.01.02-20.34.05:010][  0]LogMeshMerging: No automatic mesh merging module available
[2018.01.02-20.34.05:145][  0]LogNetVersion: FPSGame , NetCL: 3709383, EngineNetVer: 2, GameNetVer: 0 (Checksum: 875609505)
[2018.01.02-20.34.05:755][  0]LogAssetRegistry: FAssetRegistry took 0.0314 seconds to start up
[2018.01.02-20.34.07:332][  0]LogPackageLocalizationCache: Processed 7 localized package path(s) for 2 prioritized culture(s) in 0.103881 seconds
[2018.01.02-20.34.07:339][  0]LogUObjectArray: 35900 objects as part of root set at end of initial load.
[2018.01.02-20.34.07:340][  0]LogUObjectAllocator: 7372016 out of 0 bytes used by permanent object pool.
[2018.01.02-20.34.07:340][  0]LogUObjectArray: CloseDisregardForGC: 0/0 objects in disregard for GC pool
[2018.01.02-20.34.07:412][  0]LogInit: WinSock: version 1.1 (2.2), MaxSocks=32767, MaxUdp=65467
[2018.01.02-20.34.19:286][  0]LogTcpMessaging: Initializing TcpMessaging bridge
[2018.01.02-20.34.19:336][  0]LogUdpMessaging: Initializing bridge on interface 0.0.0.0:0 to multicast group 230.0.0.1:6666.
[2018.01.02-20.34.21:049][  0]LogMaterial: Uniform references updated for custom material expression Custom.
[2018.01.02-20.34.21:743][  0]SourceControl: Source control is disabled
[2018.01.02-20.34.21:744][  0]SourceControl: Source control is disabled
[2018.01.02-20.34.21:853][  0]SourceControl: Source control is disabled
[2018.01.02-20.34.21:929][  0]SourceControl: Source control is disabled
[2018.01.02-20.34.23:084][  0]LogAndroidPermission: UAndroidPermissionCallbackProxy::GetInstance
[2018.01.02-20.34.23:468][  0]LogOcInput: OculusInput pre-init called
[2018.01.02-20.34.23:878][  0]LogEngine: Initializing Engine...
[2018.01.02-20.34.23:887][  0]LogHMD: Failed to initialize OpenVR with code 110
[2018.01.02-20.34.24:341][  0]LogStats: UGameplayTagsManager::ConstructGameplayTagTree: Construct from data asset -  0.000 s
[2018.01.02-20.34.24:342][  0]LogStats: UGameplayTagsManager::ConstructGameplayTagTree: GameplayTagTreeChangedEvent.Broadcast -  0.000 s
[2018.01.02-20.34.24:580][  0]LogAIModule: Creating AISystem for world Untitled
[2018.01.02-20.34.24:653][  0]LogInit: XAudio2 using 'Speakers (Sound Blaster Recon3Di)' : 2 channels at 48 kHz using 32 bits per sample (channel mask 0x3)
[2018.01.02-20.34.24:785][  0]LogInit: FAudioDevice initialized.
[2018.01.02-20.34.25:324][  0]LogDerivedDataCache: Saved boot cache 0.54s 79MB C:/Users/antho/AppData/Local/UnrealEngine/4.18/DerivedDataCache/Boot.ddc.
[2018.01.02-20.34.25:344][  0]LogInit: Texture streaming: Enabled
[2018.01.02-20.34.25:519][  0]LogEngineSessionManager: EngineSessionManager initialized
[2018.01.02-20.34.25:761][  0]LogInit: Transaction tracking system initialized
[2018.01.02-20.34.28:338][  0]BlueprintLog: New page: Editor Load
[2018.01.02-20.34.30:265][  0]LocalizationService: Localization service is disabled
[2018.01.02-20.34.31:400][  0]LogConsoleResponse: Display: 
[2018.01.02-20.34.32:230][  0]LogFileCache: Scanning file cache for directory 'C:/Users/antho/DevLocal/StealthGameProjectBase418/StealthGame/Content/' took 0.02s
[2018.01.02-20.34.32:230][  0]LogCook: Display: Max memory allowance for cook 16384mb min free memory 0mb
[2018.01.02-20.34.32:231][  0]LogCook: Display: Mobile HDR setting 1
[2018.01.02-20.34.32:231][  0]LogGameplayTags: Display: UGameplayTagsManager::DoneAddingNativeTags. DelegateIsBound: 0
[2018.01.02-20.34.34:036][  0]SourceControl: Source control is disabled
[2018.01.02-20.34.34:040][  0]Cmd: MAP LOAD FILE="../../../../../../Users/antho/DevLocal/StealthGameProjectBase418/StealthGame/Content/Maps/FirstPersonExampleMap.umap" TEMPLATE=0 SHOWPROGRESS=1 FEATURELEVEL=3
[2018.01.02-20.34.34:048][  0]LightingResults: New page: Lighting Build
[2018.01.02-20.34.34:108][  0]MapCheck: New page: Map Check
[2018.01.02-20.34.34:108][  0]LightingResults: New page: Lighting Build
[2018.01.02-20.34.35:463][  0]LogAIModule: Creating AISystem for world FirstPersonExampleMap
[2018.01.02-20.34.35:550][  0]LogEditorServer: Finished looking for orphan Actors (0.000 secs)
[2018.01.02-20.34.35:570][  0]Cmd: MAP CHECKDEP NOCLEARLOG
[2018.01.02-20.34.35:647][  0]MapCheck: Map check complete: 0 Error(s), 0 Warning(s), took 76.875ms to complete.
[2018.01.02-20.34.35:647][  0]LogFileHelpers: Loading map 'FirstPersonExampleMap' took 1.610
[2018.01.02-20.34.36:052][  0]LogCollectionManager: Loaded 0 collections in 0.002461 seconds
[2018.01.02-20.34.36:171][  0]LogFileCache: Scanning file cache for directory 'C:/Users/antho/DevLocal/StealthGameProjectBase418/StealthGame/Saved/Collections/' took 0.01s
[2018.01.02-20.34.36:171][  0]LogFileCache: Scanning file cache for directory 'C:/Users/antho/DevLocal/StealthGameProjectBase418/StealthGame/Content/Developers/antho/Collections/' took 0.01s
[2018.01.02-20.34.36:171][  0]LogFileCache: Scanning file cache for directory 'C:/Users/antho/DevLocal/StealthGameProjectBase418/StealthGame/Content/Collections/' took 0.01s
[2018.01.02-20.34.36:171][  0]LogCollectionManager: Rebuilt the GUID cache for 0 collections in 0.000000 seconds
[2018.01.02-20.34.36:187][  0]LogContentBrowser: Native class hierarchy populated in 0.0132 seconds. Added 2373 classes and 524 folders.
[2018.01.02-20.34.36:268][  0]LogContentBrowser: Native class hierarchy updated for 'WidgetCarousel' in 0.0008 seconds. Added 0 classes and 0 folders.
[2018.01.02-20.34.36:863][  0]LogContentBrowser: Native class hierarchy updated for 'AddContentDialog' in 0.0007 seconds. Added 0 classes and 0 folders.
[2018.01.02-20.34.37:010][  0]LogSlate: Took 0.007153 seconds to synchronously load lazily loaded font '../../../Engine/Content/Slate/Fonts/Roboto-Regular.ttf' (155K)
[2018.01.02-20.34.37:028][  0]LogSlate: Took 0.008384 seconds to synchronously load lazily loaded font '../../../Engine/Content/Slate/Fonts/Roboto-Bold.ttf' (160K)
[2018.01.02-20.34.37:040][  0]LogSlate: Took 0.006749 seconds to synchronously load lazily loaded font '../../../Engine/Content/Editor/Slate/Fonts/FontAwesome.ttf' (139K)
[2018.01.02-20.34.37:205][  0]LogSlate: Took 0.163842 seconds to synchronously load lazily loaded font '../../../Engine/Content/Editor/Slate/Fonts/DroidSansMono.ttf' (77K)
[2018.01.02-20.34.37:408][  0]LogRenderer: Reallocating scene render targets to support 1192x544 Format 10 NumSamples 1 (Frame:1).
[2018.01.02-20.34.37:806][  0]LogContentBrowser: Native class hierarchy updated for 'HierarchicalLODOutliner' in 0.0010 seconds. Added 1 classes and 2 folders.
[2018.01.02-20.34.37:806][  0]LogLoad: (Engine Initialization) Total time: 61.07 seconds
[2018.01.02-20.34.37:806][  0]LogLoad: (Engine Initialization) Total Blueprint compile time: 0.00 seconds
[2018.01.02-20.34.37:808][  0]LogExternalProfiler: Found external profiler: VSPerf
[2018.01.02-20.34.37:808][  0]LogExternalProfiler: Using external profiler: VSPerf
[2018.01.02-20.34.38:191][  0]LogContentStreaming: Texture pool size now 1000 MB
[2018.01.02-20.34.38:497][  1]LogAssetRegistry: Asset discovery search completed in 32.7651 seconds
[2018.01.02-20.34.38:504][  1]LogCollectionManager: Rebuilt the object cache for 0 collections in 0.000000 seconds (found 0 objects)
[2018.01.02-20.34.38:505][  1]LogCollectionManager: Fixed up redirectors for 0 collections in 0.000240 seconds (updated 0 objects)
[2018.01.02-20.34.39:254][  3]LogSlate: Took 0.007022 seconds to synchronously load lazily loaded font '../../../Engine/Content/Slate/Fonts/Roboto-Light.ttf' (159K)
[2018.01.02-20.52.49:287][ 36]LogSlate: Took 0.007149 seconds to synchronously load lazily loaded font '../../../Engine/Content/Slate/Fonts/Roboto-Light.ttf' (159K)
[2018.01.02-20.54.16:947][869]LogSlate: Took 0.000133 seconds to synchronously load lazily loaded font '../../../Engine/Content/Slate/Fonts/Roboto-Light.ttf' (159K)
[2018.01.02-20.54.17:328][869]LogSavePackage: Save=231.04ms
[2018.01.02-20.54.17:328][869]LogSavePackage: Moving '../../../../../../Users/antho/DevLocal/StealthGameProjectBase418/StealthGame/Saved/FirstPersonExampleMap51C905804681C19797958588FE12D859.tmp' to '../../../../../../Users/antho/DevLocal/StealthGameProjectBase418/StealthGame/Content/Maps/FirstPersonExampleMap.umap'
[2018.01.02-20.54.17:342][869]LogSavePackage: Display: Finished SavePackage ../../../../../../Users/antho/DevLocal/StealthGameProjectBase418/StealthGame/Content/Maps/FirstPersonExampleMap.umap
[2018.01.02-20.54.17:611][869]LogSavePackage: Save=143.59ms
[2018.01.02-20.54.17:612][869]LogSavePackage: Moving '../../../../../../Users/antho/DevLocal/StealthGameProjectBase418/StealthGame/Saved/FirstPersonExampleMap_BuiltData692B7FB34D9A687869EC148CE2FD0B82.tmp' to '../../../../../../Users/antho/DevLocal/StealthGameProjectBase418/StealthGame/Content/Maps/FirstPersonExampleMap_BuiltData.uasset'
[2018.01.02-20.54.17:621][869]LogSavePackage: Display: Finished SavePackage ../../../../../../Users/antho/DevLocal/StealthGameProjectBase418/StealthGame/Content/Maps/FirstPersonExampleMap_BuiltData.uasset
[2018.01.02-21.29.20:769][720]LogVSAccessor: Warning: Couldn't access Visual Studio
[2018.01.02-21.29.20:798][720]Candidate modules for hot reload:
[2018.01.02-21.29.20:798][720]  FPSGame
[2018.01.02-21.29.20:799][720]Launching UnrealBuildTool... [C:/Program Files/Epic Games/UE_4.18/Engine/Binaries/DotNET/UnrealBuildTool.exe FPSGame -ModuleWithSuffix FPSGame 2103 Win64 Development -editorrecompile -canskiplink "C:/Users/antho/DevLocal/StealthGameProjectBase418/StealthGame/FPSGame.uproject" ]
[2018.01.02-21.29.20:803][720]Warning: Starting HotReload took  0.1s.
[2018.01.02-21.29.28:076][796]CompilerResultsLog: New page: Compilation - Jan 2, 2018, 7:29:27 AM
[2018.01.02-21.29.28:077][796]CompilerResultsLog: Using 'git status' to determine working set for adaptive non-unity build.
[2018.01.02-21.29.28:077][796]CompilerResultsLog: Compiling game modules for hot reload
[2018.01.02-21.29.28:077][796]CompilerResultsLog: Parsing headers for FPSGameEditor
[2018.01.02-21.29.28:077][796]CompilerResultsLog:   Running UnrealHeaderTool "C:\Users\antho\DevLocal\StealthGameProjectBase418\StealthGame\FPSGame.uproject" "C:\Users\antho\DevLocal\StealthGameProjectBase418\StealthGame\Intermediate\Build\Win64\FPSGameEditor\Development\FPSGameEditor.uhtmanifest" -LogCmds="loginit warning, logexit warning, logdatabase error" -Unattended -WarningsAsErrors -installed
[2018.01.02-21.29.28:094][796]LogMainFrame: MainFrame: Module compiling took 7.323 seconds
[2018.01.02-21.29.28:094][796]Warning: HotReload failed, recompile failed
[2018.01.02-21.29.29:476][847]LogVSAccessor: Warning: Couldn't access Visual Studio
[2018.01.02-21.29.29:493][847]Candidate modules for hot reload:
[2018.01.02-21.29.29:493][847]  FPSGame
[2018.01.02-21.29.29:493][847]Launching UnrealBuildTool... [C:/Program Files/Epic Games/UE_4.18/Engine/Binaries/DotNET/UnrealBuildTool.exe FPSGame -ModuleWithSuffix FPSGame 1629 Win64 Development -editorrecompile -canskiplink "C:/Users/antho/DevLocal/StealthGameProjectBase418/StealthGame/FPSGame.uproject" ]
[2018.01.02-21.29.29:520][847]Warning: Starting HotReload took  0.0s.
[2018.01.02-21.29.58:889][851]CompilerResultsLog: New page: Compilation - Jan 2, 2018, 7:29:58 AM
[2018.01.02-21.29.58:891][851]CompilerResultsLog: Using 'git status' to determine working set for adaptive non-unity build.
[2018.01.02-21.29.58:900][851]CompilerResultsLog: Compiling game modules for hot reload
[2018.01.02-21.29.58:900][851]CompilerResultsLog: Performing full C++ include scan (no include cache file)
[2018.01.02-21.29.58:901][851]CompilerResultsLog: Parsing headers for FPSGameEditor
[2018.01.02-21.29.58:901][851]CompilerResultsLog:   Running UnrealHeaderTool "C:\Users\antho\DevLocal\StealthGameProjectBase418\StealthGame\FPSGame.uproject" "C:\Users\antho\DevLocal\StealthGameProjectBase418\StealthGame\Intermediate\Build\Win64\FPSGameEditor\Development\FPSGameEditor.uhtmanifest" -LogCmds="loginit warning, logexit warning, logdatabase error" -Unattended -WarningsAsErrors -installed
[2018.01.02-21.29.58:901][851]CompilerResultsLog: LogCompile: Error: Failed to save header export preview: 'C:/Users/antho/DevLocal/StealthGameProjectBase418/StealthGame/Intermediate/Build/Win64/UE4Editor/Inc/FPSGame/FPSGame.init.gen.cpp.tmp'
[2018.01.02-21.29.58:902][851]CompilerResultsLog: LogFileManager: Error: MoveFile was unable to move 'C:/Users/antho/DevLocal/StealthGameProjectBase418/StealthGame/Intermediate/Build/Win64/UE4Editor/Inc/FPSGame/FPSGame.init.gen.cpp.tmp' to 'C:/Users/antho/DevLocal/StealthGameProjectBase418/StealthGame/Intermediate/Build/Win64/UE4Editor/Inc/FPSGame/FPSGame.init.gen.cpp', retrying in .5s...
[2018.01.02-21.29.58:902][851]CompilerResultsLog: LogFileManager: Error: MoveFile recovered during retry!
[2018.01.02-21.29.58:902][851]CompilerResultsLog: UnrealHeaderTool failed for target 'FPSGameEditor' (platform: Win64, module info: C:\Users\antho\DevLocal\StealthGameProjectBase418\StealthGame\Intermediate\Build\Win64\FPSGameEditor\Development\FPSGameEditor.uhtmanifest).
[2018.01.02-21.29.58:903][851]LogMainFrame: MainFrame: Module compiling took 29.427 seconds
[2018.01.02-21.29.58:903][851]Warning: HotReload failed, recompile failed
[2018.01.02-21.31.38:536][778]LogVSAccessor: Warning: Couldn't access Visual Studio
[2018.01.02-21.31.38:607][778]Candidate modules for hot reload:
[2018.01.02-21.31.38:607][778]  FPSGame
[2018.01.02-21.31.38:608][778]Launching UnrealBuildTool... [C:/Program Files/Epic Games/UE_4.18/Engine/Binaries/DotNET/UnrealBuildTool.exe FPSGame -ModuleWithSuffix FPSGame 6640 Win64 Development -editorrecompile -canskiplink "C:/Users/antho/DevLocal/StealthGameProjectBase418/StealthGame/FPSGame.uproject" ]
[2018.01.02-21.31.38:610][778]Warning: Starting HotReload took  0.1s.
[2018.01.02-21.32.02:420][625]CompilerResultsLog: New page: Compilation - Jan 2, 2018, 7:32:02 AM
[2018.01.02-21.32.02:420][625]CompilerResultsLog: Using 'git status' to determine working set for adaptive non-unity build.
[2018.01.02-21.32.02:421][625]CompilerResultsLog: Compiling game modules for hot reload
[2018.01.02-21.32.02:421][625]CompilerResultsLog: Parsing headers for FPSGameEditor
[2018.01.02-21.32.02:421][625]CompilerResultsLog:   Running UnrealHeaderTool "C:\Users\antho\DevLocal\StealthGameProjectBase418\StealthGame\FPSGame.uproject" "C:\Users\antho\DevLocal\StealthGameProjectBase418\StealthGame\Intermediate\Build\Win64\FPSGameEditor\Development\FPSGameEditor.uhtmanifest" -LogCmds="loginit warning, logexit warning, logdatabase error" -Unattended -WarningsAsErrors -installed
[2018.01.02-21.32.02:422][625]CompilerResultsLog: Reflection code generated for FPSGameEditor in 12.1258496 seconds
[2018.01.02-21.32.02:422][625]CompilerResultsLog: Performing 5 actions (16 in parallel)
[2018.01.02-21.32.02:422][625]CompilerResultsLog: FPSGame.init.gen.cpp
[2018.01.02-21.32.02:422][625]CompilerResultsLog: FPSAIGuard.gen.cpp
[2018.01.02-21.32.02:422][625]CompilerResultsLog: FPSAIGuard.cpp
[2018.01.02-21.32.02:423][625]CompilerResultsLog: [4/5] Link UE4Editor-FPSGame-6640.dll
[2018.01.02-21.32.02:423][625]CompilerResultsLog: [5/5] Link UE4Editor-FPSGame-6640.lib
[2018.01.02-21.32.02:423][625]CompilerResultsLog:    Creating library C:\Users\antho\DevLocal\StealthGameProjectBase418\StealthGame\Intermediate\Build\Win64\UE4Editor\Development\UE4Editor-FPSGame-6640.lib and object C:\Users\antho\DevLocal\StealthGameProjectBase418\StealthGame\Intermediate\Build\Win64\UE4Editor\Development\UE4Editor-FPSGame-6640.exp
[2018.01.02-21.32.02:423][625]CompilerResultsLog:    Creating library C:\Users\antho\DevLocal\StealthGameProjectBase418\StealthGame\Intermediate\Build\Win64\UE4Editor\Development\UE4Editor-FPSGame-6640.suppressed.lib and object C:\Users\antho\DevLocal\StealthGameProjectBase418\StealthGame\Intermediate\Build\Win64\UE4Editor\Development\UE4Editor-FPSGame-6640.suppressed.exp
[2018.01.02-21.32.02:424][625]CompilerResultsLog: Total build time: 23.31 seconds (Local executor: 9.57 seconds)
[2018.01.02-21.32.02:424][625]LogMainFrame: MainFrame: Module compiling took 23.825 seconds
[2018.01.02-21.32.03:058][625]LogClass: Could not find existing class FPSAIGuard in package /Script/FPSGame for HotReload, assuming new class
[2018.01.02-21.32.03:060][625]LogClass: Function OnPawnHeard is new.
[2018.01.02-21.32.03:063][625]LogClass: Function OnPawnSeen is new.
[2018.01.02-21.32.03:063][625]LogClass: Function ResetRotationToOriginalRotation is new.
[2018.01.02-21.32.03:125][625]LogClass: EAIState HotReload.
[2018.01.02-21.32.03:335][625]LogHotReload: Re-instancing FPSAIGuard after hot-reload.
[2018.01.02-21.32.04:358][625]LogHotReload: Re-instancing FPSBlackHole after hot-reload.
[2018.01.02-21.32.04:413][625]LogHotReload: Re-instancing FPSExtractionZone after hot-reload.
[2018.01.02-21.32.04:689][625]LogHotReload: Re-instancing FPSLaunchPad after hot-reload.
[2018.01.02-21.32.04:940][625]LogContentBrowser: Native class hierarchy updated for 'FPSGame' in 0.0163 seconds. Added 9 classes and 3 folders.
[2018.01.02-21.32.04:945][625]Display: HotReload successful (4 functions remapped  0 scriptstructs remapped)
[2018.01.02-21.32.05:116][625]LogContentBrowser: Native class hierarchy populated in 0.0329 seconds. Added 2374 classes and 526 folders.
[2018.01.02-21.32.05:146][625]Display: HotReload took 26.6s.
[2018.01.02-21.32.59:432][306]LogEditorViewport: Clicking on Actor (LMB): TargetPoint (TargetPoint)
[2018.01.02-21.33.06:290][601]LogEditorViewport: Clicking on Actor (LMB): BP_Guard_C (BP_Guard2)
[2018.01.02-21.33.17:892][974]LogSavePackage: Save=227.00ms
[2018.01.02-21.33.17:892][974]LogSavePackage: Moving '../../../../../../Users/antho/DevLocal/StealthGameProjectBase418/StealthGame/Saved/FirstPersonExampleMap027AB2F848D5F6F0D4051CA20FCBB403.tmp' to '../../../../../../Users/antho/DevLocal/StealthGameProjectBase418/StealthGame/Content/Maps/FirstPersonExampleMap.umap'
[2018.01.02-21.33.17:906][974]LogSavePackage: Display: Finished SavePackage ../../../../../../Users/antho/DevLocal/StealthGameProjectBase418/StealthGame/Content/Maps/FirstPersonExampleMap.umap
[2018.01.02-21.33.17:949][974]LogFileHelpers: Saving map 'FirstPersonExampleMap' took 0.813
[2018.01.02-21.33.23:328][133]LogTemp: Repeating last play command: Selected Viewport
[2018.01.02-21.33.23:571][133]LogBlueprintUserMessages: Early PlayInEditor Detection: Level '/Game/Maps/FirstPersonExampleMap.FirstPersonExampleMap:PersistentLevel' has LevelScriptBlueprint '/Game/Maps/FirstPersonExampleMap.FirstPersonExampleMap:PersistentLevel.FirstPersonExampleMap' with GeneratedClass '/Game/Maps/FirstPersonExampleMap.FirstPersonExampleMap_C' with ClassGeneratedBy '/Game/Maps/FirstPersonExampleMap.FirstPersonExampleMap:PersistentLevel.FirstPersonExampleMap'
[2018.01.02-21.33.23:579][133]LogPlayLevel: PlayLevel: No blueprints needed recompiling
[2018.01.02-21.33.23:627][133]PIE: New page: PIE session: FirstPersonExampleMap (Jan 2, 2018, 7:33:23 AM)
[2018.01.02-21.33.23:628][133]LogPlayLevel: Creating play world package: /Game/Maps/UEDPIE_0_FirstPersonExampleMap
[2018.01.02-21.33.23:767][133]LogPlayLevel: PIE: StaticDuplicateObject took: (0.138613s)
[2018.01.02-21.33.23:817][133]LogAIModule: Creating AISystem for world FirstPersonExampleMap
[2018.01.02-21.33.23:825][133]LogPlayLevel: PIE: World Init took: (0.057002s)
[2018.01.02-21.33.23:825][133]LogPlayLevel: PIE: Created PIE world by copying editor world from /Game/Maps/FirstPersonExampleMap.FirstPersonExampleMap to /Game/Maps/UEDPIE_0_FirstPersonExampleMap.FirstPersonExampleMap (0.197413s)
[2018.01.02-21.33.23:861][133]LogInit: XAudio2 using 'Speakers (Sound Blaster Recon3Di)' : 2 channels at 48 kHz using 32 bits per sample (channel mask 0x3)
[2018.01.02-21.33.23:884][133]LogInit: FAudioDevice initialized.
[2018.01.02-21.33.23:947][133]LogLoad: Game class is 'BP_GameMode_C'
[2018.01.02-21.33.23:994][133]LogWorld: Bringing World /Game/Maps/UEDPIE_0_FirstPersonExampleMap.FirstPersonExampleMap up for play (max tick rate 60) at 2018.01.02-14.33.23
[2018.01.02-21.33.24:015][133]LogWorld: Bringing up level for play took: 0.035992
[2018.01.02-21.33.24:454][133]LogContentBrowser: Native class hierarchy updated for 'MovieSceneCapture' in 0.0009 seconds. Added 11 classes and 0 folders.
[2018.01.02-21.33.24:481][133]PIE: Play in editor start time for /Game/Maps/UEDPIE_0_FirstPersonExampleMap 0.742
[2018.01.02-21.33.24:482][133]LogBlueprintUserMessages: Late PlayInEditor Detection: Level '/Game/Maps/FirstPersonExampleMap.FirstPersonExampleMap:PersistentLevel' has LevelScriptBlueprint '/Game/Maps/FirstPersonExampleMap.FirstPersonExampleMap:PersistentLevel.FirstPersonExampleMap' with GeneratedClass '/Game/Maps/FirstPersonExampleMap.FirstPersonExampleMap_C' with ClassGeneratedBy '/Game/Maps/FirstPersonExampleMap.FirstPersonExampleMap:PersistentLevel.FirstPersonExampleMap'
[2018.01.02-21.33.38:329][877]LogBlueprintUserMessages: Early EndPlayMap Detection: Level '/Game/Maps/FirstPersonExampleMap.FirstPersonExampleMap:PersistentLevel' has LevelScriptBlueprint '/Game/Maps/FirstPersonExampleMap.FirstPersonExampleMap:PersistentLevel.FirstPersonExampleMap' with GeneratedClass '/Game/Maps/FirstPersonExampleMap.FirstPersonExampleMap_C' with ClassGeneratedBy '/Game/Maps/FirstPersonExampleMap.FirstPersonExampleMap:PersistentLevel.FirstPersonExampleMap'
[2018.01.02-21.33.38:400][877]LogBlueprintUserMessages: Late EndPlayMap Detection: Level '/Game/Maps/FirstPersonExampleMap.FirstPersonExampleMap:PersistentLevel' has LevelScriptBlueprint '/Game/Maps/FirstPersonExampleMap.FirstPersonExampleMap:PersistentLevel.FirstPersonExampleMap' with GeneratedClass '/Game/Maps/FirstPersonExampleMap.FirstPersonExampleMap_C' with ClassGeneratedBy '/Game/Maps/FirstPersonExampleMap.FirstPersonExampleMap:PersistentLevel.FirstPersonExampleMap'
[2018.01.02-21.33.47:374][321]LogEditorViewport: Clicking on Actor (LMB): BP_Player_C (BP_Player)
[2018.01.02-21.33.53:036][539]Cmd: SELECT NONE
[2018.01.02-21.33.54:646][613]LogEditorViewport: Clicking on Actor (context menu): NavMeshBoundsVolume (NavMeshBoundsVolume2)
[2018.01.02-21.33.59:263][681]LogEditorViewport: Clicking on Actor (LMB): BP_Player_C (BP_Player)
[2018.01.02-21.34.03:108][791]LogRenderer: Reallocating scene render targets to support 1448x728 Format 10 NumSamples 1 (Frame:23112).
[2018.01.02-21.34.03:187][791]LogRenderer: Reallocating scene render targets to support 1544x832 Format 10 NumSamples 1 (Frame:23115).
[2018.01.02-21.34.06:296][903]LogEditorViewport: Clicking on Actor (context menu): BP_Player_C (BP_Player)
[2018.01.02-21.34.08:146][924]LogSlate: Took 0.010211 seconds to synchronously load lazily loaded font '../../../Engine/Content/Editor/Slate/Fonts/Roboto-BoldCondensed.ttf' (158K)
[2018.01.02-21.34.21:665][333]Cmd: TRANSACTION UNDO
[2018.01.02-21.34.21:782][333]LogEditorTransaction: Undo Clicking on Actors (context menu)
[2018.01.02-21.34.23:811][373]Cmd: TRANSACTION UNDO
[2018.01.02-21.34.23:811][373]LogEditorTransaction: Undo Clicking on Actors
[2018.01.02-21.34.24:636][389]Cmd: TRANSACTION UNDO
[2018.01.02-21.34.24:636][389]LogEditorTransaction: Undo Clicking on Actors (context menu)
[2018.01.02-21.34.26:515][427]Cmd: TRANSACTION REDO
[2018.01.02-21.34.26:515][427]LogEditorTransaction: Redo Clicking on Actors (context menu)
[2018.01.02-21.34.29:014][477]Cmd: SELECT NONE
[2018.01.02-21.34.33:054][614]Cmd: SELECT NONE
[2018.01.02-21.34.44:991][120]LogEditorViewport: Clicking on Actor (LMB): BP_Player_C (BP_Player)
[2018.01.02-21.34.49:698][296]Cmd: TRANSACTION UNDO
[2018.01.02-21.34.49:698][296]LogEditorTransaction: Undo Clicking on Actors
[2018.01.02-21.34.51:354][327]Cmd: TRANSACTION UNDO
[2018.01.02-21.34.51:354][327]LogEditorTransaction: Undo Select None
[2018.01.02-21.34.52:343][344]Cmd: TRANSACTION UNDO
[2018.01.02-21.34.52:343][344]LogEditorTransaction: Undo Select None
[2018.01.02-21.35.07:192][868]LogEditorViewport: Clicking on Actor (LMB): BP_Player_C (BP_Player)
[2018.01.02-21.35.08:747][926]Cmd: DELETE
[2018.01.02-21.35.08:747][926]Cmd: ACTOR DELETE
[2018.01.02-21.35.08:804][926]LogEditorActor: Deleted Actor: BP_Player_C
[2018.01.02-21.35.08:871][926]LogEditorActor: Deleted 1 Actors (0.100 secs)
[2018.01.02-21.35.30:574][623]LogTemp: Repeating last play command: Selected Viewport
[2018.01.02-21.35.30:598][623]LogBlueprintUserMessages: Early PlayInEditor Detection: Level '/Game/Maps/FirstPersonExampleMap.FirstPersonExampleMap:PersistentLevel' has LevelScriptBlueprint '/Game/Maps/FirstPersonExampleMap.FirstPersonExampleMap:PersistentLevel.FirstPersonExampleMap' with GeneratedClass '/Game/Maps/FirstPersonExampleMap.FirstPersonExampleMap_C' with ClassGeneratedBy '/Game/Maps/FirstPersonExampleMap.FirstPersonExampleMap:PersistentLevel.FirstPersonExampleMap'
[2018.01.02-21.35.30:598][623]LogPlayLevel: PlayLevel: No blueprints needed recompiling
[2018.01.02-21.35.30:599][623]PIE: New page: PIE session: FirstPersonExampleMap (Jan 2, 2018, 7:35:30 AM)
[2018.01.02-21.35.30:599][623]LogPlayLevel: Creating play world package: /Game/Maps/UEDPIE_0_FirstPersonExampleMap
[2018.01.02-21.35.30:679][623]LogPlayLevel: PIE: StaticDuplicateObject took: (0.043970s)
[2018.01.02-21.35.30:681][623]LogAIModule: Creating AISystem for world FirstPersonExampleMap
[2018.01.02-21.35.30:681][623]LogPlayLevel: PIE: World Init took: (0.001697s)
[2018.01.02-21.35.30:682][623]LogPlayLevel: PIE: Created PIE world by copying editor world from /Game/Maps/FirstPersonExampleMap.FirstPersonExampleMap to /Game/Maps/UEDPIE_0_FirstPersonExampleMap.FirstPersonExampleMap (0.082739s)
[2018.01.02-21.35.30:726][623]LogInit: XAudio2 using 'Speakers (Sound Blaster Recon3Di)' : 2 channels at 48 kHz using 32 bits per sample (channel mask 0x3)
[2018.01.02-21.35.30:732][623]LogInit: FAudioDevice initialized.
[2018.01.02-21.35.30:770][623]LogLoad: Game class is 'BP_GameMode_C'
[2018.01.02-21.35.30:774][623]LogWorld: Bringing World /Game/Maps/UEDPIE_0_FirstPersonExampleMap.FirstPersonExampleMap up for play (max tick rate 60) at 2018.01.02-14.35.30
[2018.01.02-21.35.30:775][623]LogWorld: Bringing up level for play took: 0.003721
[2018.01.02-21.35.30:792][623]PIE: Play in editor start time for /Game/Maps/UEDPIE_0_FirstPersonExampleMap 1.059
[2018.01.02-21.35.30:792][623]LogBlueprintUserMessages: Late PlayInEditor Detection: Level '/Game/Maps/FirstPersonExampleMap.FirstPersonExampleMap:PersistentLevel' has LevelScriptBlueprint '/Game/Maps/FirstPersonExampleMap.FirstPersonExampleMap:PersistentLevel.FirstPersonExampleMap' with GeneratedClass '/Game/Maps/FirstPersonExampleMap.FirstPersonExampleMap_C' with ClassGeneratedBy '/Game/Maps/FirstPersonExampleMap.FirstPersonExampleMap:PersistentLevel.FirstPersonExampleMap'
[2018.01.02-21.35.35:924][890]LogBlueprintUserMessages: Early EndPlayMap Detection: Level '/Game/Maps/FirstPersonExampleMap.FirstPersonExampleMap:PersistentLevel' has LevelScriptBlueprint '/Game/Maps/FirstPersonExampleMap.FirstPersonExampleMap:PersistentLevel.FirstPersonExampleMap' with GeneratedClass '/Game/Maps/FirstPersonExampleMap.FirstPersonExampleMap_C' with ClassGeneratedBy '/Game/Maps/FirstPersonExampleMap.FirstPersonExampleMap:PersistentLevel.FirstPersonExampleMap'
[2018.01.02-21.35.35:962][890]LogBlueprintUserMessages: Late EndPlayMap Detection: Level '/Game/Maps/FirstPersonExampleMap.FirstPersonExampleMap:PersistentLevel' has LevelScriptBlueprint '/Game/Maps/FirstPersonExampleMap.FirstPersonExampleMap:PersistentLevel.FirstPersonExampleMap' with GeneratedClass '/Game/Maps/FirstPersonExampleMap.FirstPersonExampleMap_C' with ClassGeneratedBy '/Game/Maps/FirstPersonExampleMap.FirstPersonExampleMap:PersistentLevel.FirstPersonExampleMap'
[2018.01.02-21.35.40:315][ 87]Cmd: TRANSACTION UNDO
[2018.01.02-21.35.40:316][ 87]LogEditorTransaction: Undo Create Actors
[2018.01.02-21.35.42:178][125]Cmd: TRANSACTION UNDO
[2018.01.02-21.35.42:179][125]LogEditorTransaction: Undo Delete Actors
[2018.01.02-21.35.44:423][166]LogTemp: Repeating last play command: Selected Viewport
[2018.01.02-21.35.44:447][166]LogBlueprintUserMessages: Early PlayInEditor Detection: Level '/Game/Maps/FirstPersonExampleMap.FirstPersonExampleMap:PersistentLevel' has LevelScriptBlueprint '/Game/Maps/FirstPersonExampleMap.FirstPersonExampleMap:PersistentLevel.FirstPersonExampleMap' with GeneratedClass '/Game/Maps/FirstPersonExampleMap.FirstPersonExampleMap_C' with ClassGeneratedBy '/Game/Maps/FirstPersonExampleMap.FirstPersonExampleMap:PersistentLevel.FirstPersonExampleMap'
[2018.01.02-21.35.44:448][166]LogPlayLevel: PlayLevel: No blueprints needed recompiling
[2018.01.02-21.35.44:448][166]PIE: New page: PIE session: FirstPersonExampleMap (Jan 2, 2018, 7:35:44 AM)
[2018.01.02-21.35.44:448][166]LogPlayLevel: Creating play world package: /Game/Maps/UEDPIE_0_FirstPersonExampleMap
[2018.01.02-21.35.44:528][166]LogPlayLevel: PIE: StaticDuplicateObject took: (0.079174s)
[2018.01.02-21.35.44:529][166]LogAIModule: Creating AISystem for world FirstPersonExampleMap
[2018.01.02-21.35.44:530][166]LogPlayLevel: PIE: World Init took: (0.001396s)
[2018.01.02-21.35.44:530][166]LogPlayLevel: PIE: Created PIE world by copying editor world from /Game/Maps/FirstPersonExampleMap.FirstPersonExampleMap to /Game/Maps/UEDPIE_0_FirstPersonExampleMap.FirstPersonExampleMap (0.081507s)
[2018.01.02-21.35.44:574][166]LogInit: XAudio2 using 'Speakers (Sound Blaster Recon3Di)' : 2 channels at 48 kHz using 32 bits per sample (channel mask 0x3)
[2018.01.02-21.35.44:581][166]LogInit: FAudioDevice initialized.
[2018.01.02-21.35.44:615][166]LogLoad: Game class is 'BP_GameMode_C'
[2018.01.02-21.35.44:618][166]LogWorld: Bringing World /Game/Maps/UEDPIE_0_FirstPersonExampleMap.FirstPersonExampleMap up for play (max tick rate 60) at 2018.01.02-14.35.44
[2018.01.02-21.35.44:619][166]LogWorld: Bringing up level for play took: 0.003438
[2018.01.02-21.35.44:621][166]PIE: Play in editor start time for /Game/Maps/UEDPIE_0_FirstPersonExampleMap 0.888
[2018.01.02-21.35.44:621][166]LogBlueprintUserMessages: Late PlayInEditor Detection: Level '/Game/Maps/FirstPersonExampleMap.FirstPersonExampleMap:PersistentLevel' has LevelScriptBlueprint '/Game/Maps/FirstPersonExampleMap.FirstPersonExampleMap:PersistentLevel.FirstPersonExampleMap' with GeneratedClass '/Game/Maps/FirstPersonExampleMap.FirstPersonExampleMap_C' with ClassGeneratedBy '/Game/Maps/FirstPersonExampleMap.FirstPersonExampleMap:PersistentLevel.FirstPersonExampleMap'
[2018.01.02-21.35.47:819][329]LogBlueprintUserMessages: Early EndPlayMap Detection: Level '/Game/Maps/FirstPersonExampleMap.FirstPersonExampleMap:PersistentLevel' has LevelScriptBlueprint '/Game/Maps/FirstPersonExampleMap.FirstPersonExampleMap:PersistentLevel.FirstPersonExampleMap' with GeneratedClass '/Game/Maps/FirstPersonExampleMap.FirstPersonExampleMap_C' with ClassGeneratedBy '/Game/Maps/FirstPersonExampleMap.FirstPersonExampleMap:PersistentLevel.FirstPersonExampleMap'
[2018.01.02-21.35.47:864][329]LogBlueprintUserMessages: Late EndPlayMap Detection: Level '/Game/Maps/FirstPersonExampleMap.FirstPersonExampleMap:PersistentLevel' has LevelScriptBlueprint '/Game/Maps/FirstPersonExampleMap.FirstPersonExampleMap:PersistentLevel.FirstPersonExampleMap' with GeneratedClass '/Game/Maps/FirstPersonExampleMap.FirstPersonExampleMap_C' with ClassGeneratedBy '/Game/Maps/FirstPersonExampleMap.FirstPersonExampleMap:PersistentLevel.FirstPersonExampleMap'
[2018.01.02-21.36.36:566][428]LogSavePackage: Save=193.05ms
[2018.01.02-21.36.36:566][428]LogSavePackage: Moving '../../../../../../Users/antho/DevLocal/StealthGameProjectBase418/StealthGame/Saved/FirstPersonExampleMapC3BD4F524C3921302DA03F8AE9793F95.tmp' to '../../../../../../Users/antho/DevLocal/StealthGameProjectBase418/StealthGame/Content/Maps/FirstPersonExampleMap.umap'
[2018.01.02-21.36.36:576][428]LogSavePackage: Display: Finished SavePackage ../../../../../../Users/antho/DevLocal/StealthGameProjectBase418/StealthGame/Content/Maps/FirstPersonExampleMap.umap
[2018.01.02-21.36.36:744][428]LogSavePackage: Save=114.53ms
[2018.01.02-21.36.36:744][428]LogSavePackage: Moving '../../../../../../Users/antho/DevLocal/StealthGameProjectBase418/StealthGame/Saved/FirstPersonExampleMap_BuiltDataDC942D364CA6187BA957689293388C33.tmp' to '../../../../../../Users/antho/DevLocal/StealthGameProjectBase418/StealthGame/Content/Maps/FirstPersonExampleMap_BuiltData.uasset'
[2018.01.02-21.36.36:750][428]LogSavePackage: Display: Finished SavePackage ../../../../../../Users/antho/DevLocal/StealthGameProjectBase418/StealthGame/Content/Maps/FirstPersonExampleMap_BuiltData.uasset
[2018.01.02-21.36.40:612][626]Cmd: SELECT NONE
[2018.01.02-21.36.41:327][664]Cmd: SELECT NONE
[2018.01.02-21.36.45:475][868]LogTemp: Repeating last play command: Selected Viewport
[2018.01.02-21.36.45:499][868]LogBlueprintUserMessages: Early PlayInEditor Detection: Level '/Game/Maps/FirstPersonExampleMap.FirstPersonExampleMap:PersistentLevel' has LevelScriptBlueprint '/Game/Maps/FirstPersonExampleMap.FirstPersonExampleMap:PersistentLevel.FirstPersonExampleMap' with GeneratedClass '/Game/Maps/FirstPersonExampleMap.FirstPersonExampleMap_C' with ClassGeneratedBy '/Game/Maps/FirstPersonExampleMap.FirstPersonExampleMap:PersistentLevel.FirstPersonExampleMap'
[2018.01.02-21.36.45:500][868]LogPlayLevel: PlayLevel: No blueprints needed recompiling
[2018.01.02-21.36.45:500][868]PIE: New page: PIE session: FirstPersonExampleMap (Jan 2, 2018, 7:36:45 AM)
[2018.01.02-21.36.45:500][868]LogPlayLevel: Creating play world package: /Game/Maps/UEDPIE_0_FirstPersonExampleMap
[2018.01.02-21.36.45:542][868]LogPlayLevel: PIE: StaticDuplicateObject took: (0.041722s)
[2018.01.02-21.36.45:544][868]LogAIModule: Creating AISystem for world FirstPersonExampleMap
[2018.01.02-21.36.45:545][868]LogPlayLevel: PIE: World Init took: (0.001840s)
[2018.01.02-21.36.45:545][868]LogPlayLevel: PIE: Created PIE world by copying editor world from /Game/Maps/FirstPersonExampleMap.FirstPersonExampleMap to /Game/Maps/UEDPIE_0_FirstPersonExampleMap.FirstPersonExampleMap (0.044717s)
[2018.01.02-21.36.45:557][868]LogInit: XAudio2 using 'Speakers (Sound Blaster Recon3Di)' : 2 channels at 48 kHz using 32 bits per sample (channel mask 0x3)
[2018.01.02-21.36.45:565][868]LogInit: FAudioDevice initialized.
[2018.01.02-21.36.45:599][868]LogLoad: Game class is 'BP_GameMode_C'
[2018.01.02-21.36.45:615][868]LogWorld: Bringing World /Game/Maps/UEDPIE_0_FirstPersonExampleMap.FirstPersonExampleMap up for play (max tick rate 60) at 2018.01.02-14.36.45
[2018.01.02-21.36.45:616][868]LogWorld: Bringing up level for play took: 0.016086
[2018.01.02-21.36.45:623][868]PIE: Play in editor start time for /Game/Maps/UEDPIE_0_FirstPersonExampleMap -0.11
[2018.01.02-21.36.45:623][868]LogBlueprintUserMessages: Late PlayInEditor Detection: Level '/Game/Maps/FirstPersonExampleMap.FirstPersonExampleMap:PersistentLevel' has LevelScriptBlueprint '/Game/Maps/FirstPersonExampleMap.FirstPersonExampleMap:PersistentLevel.FirstPersonExampleMap' with GeneratedClass '/Game/Maps/FirstPersonExampleMap.FirstPersonExampleMap_C' with ClassGeneratedBy '/Game/Maps/FirstPersonExampleMap.FirstPersonExampleMap:PersistentLevel.FirstPersonExampleMap'
[2018.01.02-21.37.05:355][ 22]LogBlueprintUserMessages: Early EndPlayMap Detection: Level '/Game/Maps/FirstPersonExampleMap.FirstPersonExampleMap:PersistentLevel' has LevelScriptBlueprint '/Game/Maps/FirstPersonExampleMap.FirstPersonExampleMap:PersistentLevel.FirstPersonExampleMap' with GeneratedClass '/Game/Maps/FirstPersonExampleMap.FirstPersonExampleMap_C' with ClassGeneratedBy '/Game/Maps/FirstPersonExampleMap.FirstPersonExampleMap:PersistentLevel.FirstPersonExampleMap'
[2018.01.02-21.37.05:408][ 22]LogBlueprintUserMessages: Late EndPlayMap Detection: Level '/Game/Maps/FirstPersonExampleMap.FirstPersonExampleMap:PersistentLevel' has LevelScriptBlueprint '/Game/Maps/FirstPersonExampleMap.FirstPersonExampleMap:PersistentLevel.FirstPersonExampleMap' with GeneratedClass '/Game/Maps/FirstPersonExampleMap.FirstPersonExampleMap_C' with ClassGeneratedBy '/Game/Maps/FirstPersonExampleMap.FirstPersonExampleMap:PersistentLevel.FirstPersonExampleMap'
[2018.01.02-21.38.02:453][294]LogVSAccessor: Warning: Couldn't access Visual Studio
[2018.01.02-21.38.02:476][294]Candidate modules for hot reload:
[2018.01.02-21.38.02:476][294]  FPSGame
[2018.01.02-21.38.02:477][294]Launching UnrealBuildTool... [C:/Program Files/Epic Games/UE_4.18/Engine/Binaries/DotNET/UnrealBuildTool.exe FPSGame -ModuleWithSuffix FPSGame 5215 Win64 Development -editorrecompile -canskiplink "C:/Users/antho/DevLocal/StealthGameProjectBase418/StealthGame/FPSGame.uproject" ]
[2018.01.02-21.38.02:479][294]Warning: Starting HotReload took  0.0s.
[2018.01.02-21.38.07:174][399]CompilerResultsLog: New page: Compilation - Jan 2, 2018, 7:38:07 AM
[2018.01.02-21.38.07:174][399]CompilerResultsLog: Using 'git status' to determine working set for adaptive non-unity build.
[2018.01.02-21.38.07:174][399]CompilerResultsLog: Compiling game modules for hot reload
[2018.01.02-21.38.07:175][399]CompilerResultsLog: Performing 3 actions (16 in parallel)
[2018.01.02-21.38.07:175][399]CompilerResultsLog: FPSAIGuard.cpp
[2018.01.02-21.38.07:175][399]CompilerResultsLog: [2/3] Link UE4Editor-FPSGame-5215.dll
[2018.01.02-21.38.07:175][399]CompilerResultsLog: [3/3] Link UE4Editor-FPSGame-5215.lib
[2018.01.02-21.38.07:175][399]CompilerResultsLog:    Creating library C:\Users\antho\DevLocal\StealthGameProjectBase418\StealthGame\Intermediate\Build\Win64\UE4Editor\Development\UE4Editor-FPSGame-5215.lib and object C:\Users\antho\DevLocal\StealthGameProjectBase418\StealthGame\Intermediate\Build\Win64\UE4Editor\Development\UE4Editor-FPSGame-5215.exp
[2018.01.02-21.38.07:176][399]CompilerResultsLog:    Creating library C:\Users\antho\DevLocal\StealthGameProjectBase418\StealthGame\Intermediate\Build\Win64\UE4Editor\Development\UE4Editor-FPSGame-5215.suppressed.lib and object C:\Users\antho\DevLocal\StealthGameProjectBase418\StealthGame\Intermediate\Build\Win64\UE4Editor\Development\UE4Editor-FPSGame-5215.suppressed.exp
[2018.01.02-21.38.07:176][399]CompilerResultsLog: Total build time: 4.14 seconds (Local executor: 2.83 seconds)
[2018.01.02-21.38.07:176][399]LogMainFrame: MainFrame: Module compiling took 4.723 seconds
[2018.01.02-21.38.07:261][399]LogClass: EAIState HotReload.
[2018.01.02-21.38.07:280][399]LogHotReload: Re-instancing FPSBlackHole after hot-reload.
[2018.01.02-21.38.07:348][399]LogHotReload: Re-instancing FPSExtractionZone after hot-reload.
[2018.01.02-21.38.07:676][399]LogHotReload: Re-instancing FPSLaunchPad after hot-reload.
[2018.01.02-21.38.07:917][399]LogContentBrowser: Native class hierarchy updated for 'FPSGame' in 0.0011 seconds. Added 9 classes and 3 folders.
[2018.01.02-21.38.07:919][399]Display: HotReload successful (7 functions remapped  0 scriptstructs remapped)
[2018.01.02-21.38.07:962][399]LogContentBrowser: Native class hierarchy populated in 0.0096 seconds. Added 2374 classes and 526 folders.
[2018.01.02-21.38.07:964][399]Display: HotReload took  5.5s.
[2018.01.02-21.38.11:125][477]LogTemp: Repeating last play command: Selected Viewport
[2018.01.02-21.38.11:149][477]LogBlueprintUserMessages: Early PlayInEditor Detection: Level '/Game/Maps/FirstPersonExampleMap.FirstPersonExampleMap:PersistentLevel' has LevelScriptBlueprint '/Game/Maps/FirstPersonExampleMap.FirstPersonExampleMap:PersistentLevel.FirstPersonExampleMap' with GeneratedClass '/Game/Maps/FirstPersonExampleMap.FirstPersonExampleMap_C' with ClassGeneratedBy '/Game/Maps/FirstPersonExampleMap.FirstPersonExampleMap:PersistentLevel.FirstPersonExampleMap'
[2018.01.02-21.38.11:150][477]LogPlayLevel: PlayLevel: No blueprints needed recompiling
[2018.01.02-21.38.11:151][477]PIE: New page: PIE session: FirstPersonExampleMap (Jan 2, 2018, 7:38:11 AM)
[2018.01.02-21.38.11:151][477]LogPlayLevel: Creating play world package: /Game/Maps/UEDPIE_0_FirstPersonExampleMap
[2018.01.02-21.38.11:224][477]LogPlayLevel: PIE: StaticDuplicateObject took: (0.073384s)
[2018.01.02-21.38.11:226][477]LogAIModule: Creating AISystem for world FirstPersonExampleMap
[2018.01.02-21.38.11:226][477]LogPlayLevel: PIE: World Init took: (0.001611s)
[2018.01.02-21.38.11:227][477]LogPlayLevel: PIE: Created PIE world by copying editor world from /Game/Maps/FirstPersonExampleMap.FirstPersonExampleMap to /Game/Maps/UEDPIE_0_FirstPersonExampleMap.FirstPersonExampleMap (0.075992s)
[2018.01.02-21.38.11:242][477]LogInit: XAudio2 using 'Speakers (Sound Blaster Recon3Di)' : 2 channels at 48 kHz using 32 bits per sample (channel mask 0x3)
[2018.01.02-21.38.11:250][477]LogInit: FAudioDevice initialized.
[2018.01.02-21.38.11:284][477]LogLoad: Game class is 'BP_GameMode_C'
[2018.01.02-21.38.11:288][477]LogWorld: Bringing World /Game/Maps/UEDPIE_0_FirstPersonExampleMap.FirstPersonExampleMap up for play (max tick rate 60) at 2018.01.02-14.38.11
[2018.01.02-21.38.11:289][477]LogWorld: Bringing up level for play took: 0.003544
[2018.01.02-21.38.11:291][477]PIE: Play in editor start time for /Game/Maps/UEDPIE_0_FirstPersonExampleMap -0.442
[2018.01.02-21.38.11:291][477]LogBlueprintUserMessages: Late PlayInEditor Detection: Level '/Game/Maps/FirstPersonExampleMap.FirstPersonExampleMap:PersistentLevel' has LevelScriptBlueprint '/Game/Maps/FirstPersonExampleMap.FirstPersonExampleMap:PersistentLevel.FirstPersonExampleMap' with GeneratedClass '/Game/Maps/FirstPersonExampleMap.FirstPersonExampleMap_C' with ClassGeneratedBy '/Game/Maps/FirstPersonExampleMap.FirstPersonExampleMap:PersistentLevel.FirstPersonExampleMap'
[2018.01.02-21.38.23:052][ 47]LogBlueprintUserMessages: Early EndPlayMap Detection: Level '/Game/Maps/FirstPersonExampleMap.FirstPersonExampleMap:PersistentLevel' has LevelScriptBlueprint '/Game/Maps/FirstPersonExampleMap.FirstPersonExampleMap:PersistentLevel.FirstPersonExampleMap' with GeneratedClass '/Game/Maps/FirstPersonExampleMap.FirstPersonExampleMap_C' with ClassGeneratedBy '/Game/Maps/FirstPersonExampleMap.FirstPersonExampleMap:PersistentLevel.FirstPersonExampleMap'
[2018.01.02-21.38.23:102][ 47]LogBlueprintUserMessages: Late EndPlayMap Detection: Level '/Game/Maps/FirstPersonExampleMap.FirstPersonExampleMap:PersistentLevel' has LevelScriptBlueprint '/Game/Maps/FirstPersonExampleMap.FirstPersonExampleMap:PersistentLevel.FirstPersonExampleMap' with GeneratedClass '/Game/Maps/FirstPersonExampleMap.FirstPersonExampleMap_C' with ClassGeneratedBy '/Game/Maps/FirstPersonExampleMap.FirstPersonExampleMap:PersistentLevel.FirstPersonExampleMap'
[2018.01.02-21.38.28:229][281]LogEditorViewport: Clicking on Actor (LMB): TargetPoint (TargetPoint)
[2018.01.02-21.38.35:930][645]LogSavePackage: Save=194.15ms
[2018.01.02-21.38.35:930][645]LogSavePackage: Moving '../../../../../../Users/antho/DevLocal/StealthGameProjectBase418/StealthGame/Saved/FirstPersonExampleMap93387D2740E2F30CBE8D789FD7B28D48.tmp' to '../../../../../../Users/antho/DevLocal/StealthGameProjectBase418/StealthGame/Content/Maps/FirstPersonExampleMap.umap'
[2018.01.02-21.38.35:939][645]LogSavePackage: Display: Finished SavePackage ../../../../../../Users/antho/DevLocal/StealthGameProjectBase418/StealthGame/Content/Maps/FirstPersonExampleMap.umap
[2018.01.02-21.38.36:089][645]LogSavePackage: Save=103.47ms
[2018.01.02-21.38.36:089][645]LogSavePackage: Moving '../../../../../../Users/antho/DevLocal/StealthGameProjectBase418/StealthGame/Saved/FirstPersonExampleMap_BuiltDataA020075842C99EC76EED4C8F40C0E7D4.tmp' to '../../../../../../Users/antho/DevLocal/StealthGameProjectBase418/StealthGame/Content/Maps/FirstPersonExampleMap_BuiltData.uasset'
[2018.01.02-21.38.36:091][645]LogSavePackage: Display: Finished SavePackage ../../../../../../Users/antho/DevLocal/StealthGameProjectBase418/StealthGame/Content/Maps/FirstPersonExampleMap_BuiltData.uasset
[2018.01.02-21.38.38:508][711]LogTemp: Repeating last play command: Selected Viewport
[2018.01.02-21.38.38:531][711]LogBlueprintUserMessages: Early PlayInEditor Detection: Level '/Game/Maps/FirstPersonExampleMap.FirstPersonExampleMap:PersistentLevel' has LevelScriptBlueprint '/Game/Maps/FirstPersonExampleMap.FirstPersonExampleMap:PersistentLevel.FirstPersonExampleMap' with GeneratedClass '/Game/Maps/FirstPersonExampleMap.FirstPersonExampleMap_C' with ClassGeneratedBy '/Game/Maps/FirstPersonExampleMap.FirstPersonExampleMap:PersistentLevel.FirstPersonExampleMap'
[2018.01.02-21.38.38:531][711]LogPlayLevel: PlayLevel: No blueprints needed recompiling
[2018.01.02-21.38.38:532][711]PIE: New page: PIE session: FirstPersonExampleMap (Jan 2, 2018, 7:38:38 AM)
[2018.01.02-21.38.38:571][711]LogPlayLevel: Creating play world package: /Game/Maps/UEDPIE_0_FirstPersonExampleMap
[2018.01.02-21.38.38:594][711]LogPlayLevel: PIE: StaticDuplicateObject took: (0.022891s)
[2018.01.02-21.38.38:595][711]LogAIModule: Creating AISystem for world FirstPersonExampleMap
[2018.01.02-21.38.38:595][711]LogPlayLevel: PIE: World Init took: (0.001210s)
[2018.01.02-21.38.38:596][711]LogPlayLevel: PIE: Created PIE world by copying editor world from /Game/Maps/FirstPersonExampleMap.FirstPersonExampleMap to /Game/Maps/UEDPIE_0_FirstPersonExampleMap.FirstPersonExampleMap (0.025013s)
[2018.01.02-21.38.38:609][711]LogInit: XAudio2 using 'Speakers (Sound Blaster Recon3Di)' : 2 channels at 48 kHz using 32 bits per sample (channel mask 0x3)
[2018.01.02-21.38.38:616][711]LogInit: FAudioDevice initialized.
[2018.01.02-21.38.38:651][711]LogLoad: Game class is 'BP_GameMode_C'
[2018.01.02-21.38.38:655][711]LogWorld: Bringing World /Game/Maps/UEDPIE_0_FirstPersonExampleMap.FirstPersonExampleMap up for play (max tick rate 60) at 2018.01.02-14.38.38
[2018.01.02-21.38.38:656][711]LogWorld: Bringing up level for play took: 0.003857
[2018.01.02-21.38.38:657][711]PIE: Play in editor start time for /Game/Maps/UEDPIE_0_FirstPersonExampleMap 0.924
[2018.01.02-21.38.38:658][711]LogBlueprintUserMessages: Late PlayInEditor Detection: Level '/Game/Maps/FirstPersonExampleMap.FirstPersonExampleMap:PersistentLevel' has LevelScriptBlueprint '/Game/Maps/FirstPersonExampleMap.FirstPersonExampleMap:PersistentLevel.FirstPersonExampleMap' with GeneratedClass '/Game/Maps/FirstPersonExampleMap.FirstPersonExampleMap_C' with ClassGeneratedBy '/Game/Maps/FirstPersonExampleMap.FirstPersonExampleMap:PersistentLevel.FirstPersonExampleMap'
[2018.01.02-21.38.42:612][943]LogBlueprintUserMessages: Early EndPlayMap Detection: Level '/Game/Maps/FirstPersonExampleMap.FirstPersonExampleMap:PersistentLevel' has LevelScriptBlueprint '/Game/Maps/FirstPersonExampleMap.FirstPersonExampleMap:PersistentLevel.FirstPersonExampleMap' with GeneratedClass '/Game/Maps/FirstPersonExampleMap.FirstPersonExampleMap_C' with ClassGeneratedBy '/Game/Maps/FirstPersonExampleMap.FirstPersonExampleMap:PersistentLevel.FirstPersonExampleMap'
[2018.01.02-21.38.42:651][943]LogBlueprintUserMessages: Late EndPlayMap Detection: Level '/Game/Maps/FirstPersonExampleMap.FirstPersonExampleMap:PersistentLevel' has LevelScriptBlueprint '/Game/Maps/FirstPersonExampleMap.FirstPersonExampleMap:PersistentLevel.FirstPersonExampleMap' with GeneratedClass '/Game/Maps/FirstPersonExampleMap.FirstPersonExampleMap_C' with ClassGeneratedBy '/Game/Maps/FirstPersonExampleMap.FirstPersonExampleMap:PersistentLevel.FirstPersonExampleMap'
[2018.01.02-21.38.46:360][160]LogEditorViewport: Clicking on Actor (LMB): TargetPoint (TargetPoint2)
[2018.01.02-21.38.55:588][546]LogEditorViewport: Clicking on Actor (LMB): BP_Guard_C (BP_Guard2)
[2018.01.02-21.43.45:776][699]LogVSAccessor: Warning: Couldn't access Visual Studio
[2018.01.02-21.43.45:816][699]Candidate modules for hot reload:
[2018.01.02-21.43.45:817][699]  FPSGame
[2018.01.02-21.43.45:817][699]Launching UnrealBuildTool... [C:/Program Files/Epic Games/UE_4.18/Engine/Binaries/DotNET/UnrealBuildTool.exe FPSGame -ModuleWithSuffix FPSGame 6290 Win64 Development -editorrecompile -canskiplink "C:/Users/antho/DevLocal/StealthGameProjectBase418/StealthGame/FPSGame.uproject" ]
[2018.01.02-21.43.45:819][699]Warning: Starting HotReload took  0.0s.
[2018.01.02-21.43.54:624][889]CompilerResultsLog: New page: Compilation - Jan 2, 2018, 7:43:54 AM
[2018.01.02-21.43.54:624][889]CompilerResultsLog: Using 'git status' to determine working set for adaptive non-unity build.
[2018.01.02-21.43.54:625][889]CompilerResultsLog: Compiling game modules for hot reload
[2018.01.02-21.43.54:625][889]CompilerResultsLog: Performing 3 actions (16 in parallel)
[2018.01.02-21.43.54:625][889]CompilerResultsLog: FPSAIGuard.cpp
[2018.01.02-21.43.54:625][889]CompilerResultsLog: [2/3] Link UE4Editor-FPSGame-6290.dll
[2018.01.02-21.43.54:625][889]CompilerResultsLog: [3/3] Link UE4Editor-FPSGame-6290.lib
[2018.01.02-21.43.54:625][889]CompilerResultsLog:    Creating library C:\Users\antho\DevLocal\StealthGameProjectBase418\StealthGame\Intermediate\Build\Win64\UE4Editor\Development\UE4Editor-FPSGame-6290.lib and object C:\Users\antho\DevLocal\StealthGameProjectBase418\StealthGame\Intermediate\Build\Win64\UE4Editor\Development\UE4Editor-FPSGame-6290.exp
[2018.01.02-21.43.54:626][889]CompilerResultsLog:    Creating library C:\Users\antho\DevLocal\StealthGameProjectBase418\StealthGame\Intermediate\Build\Win64\UE4Editor\Development\UE4Editor-FPSGame-6290.suppressed.lib and object C:\Users\antho\DevLocal\StealthGameProjectBase418\StealthGame\Intermediate\Build\Win64\UE4Editor\Development\UE4Editor-FPSGame-6290.suppressed.exp
[2018.01.02-21.43.54:626][889]CompilerResultsLog: Total build time: 8.26 seconds (Local executor: 6.94 seconds)
[2018.01.02-21.43.54:627][889]LogMainFrame: MainFrame: Module compiling took 8.851 seconds
[2018.01.02-21.43.54:852][889]LogClass: EAIState HotReload.
[2018.01.02-21.43.54:855][889]LogHotReload: Re-instancing FPSBlackHole after hot-reload.
[2018.01.02-21.43.54:914][889]LogHotReload: Re-instancing FPSExtractionZone after hot-reload.
[2018.01.02-21.43.55:088][889]LogHotReload: Re-instancing FPSLaunchPad after hot-reload.
[2018.01.02-21.43.55:362][889]LogContentBrowser: Native class hierarchy updated for 'FPSGame' in 0.0009 seconds. Added 9 classes and 3 folders.
[2018.01.02-21.43.55:364][889]Display: HotReload successful (7 functions remapped  0 scriptstructs remapped)
[2018.01.02-21.43.55:406][889]LogContentBrowser: Native class hierarchy populated in 0.0094 seconds. Added 2374 classes and 526 folders.
[2018.01.02-21.43.55:408][889]Display: HotReload took  9.6s.
[2018.01.02-21.43.58:452][968]LogTemp: Repeating last play command: Selected Viewport
[2018.01.02-21.43.58:475][968]LogBlueprintUserMessages: Early PlayInEditor Detection: Level '/Game/Maps/FirstPersonExampleMap.FirstPersonExampleMap:PersistentLevel' has LevelScriptBlueprint '/Game/Maps/FirstPersonExampleMap.FirstPersonExampleMap:PersistentLevel.FirstPersonExampleMap' with GeneratedClass '/Game/Maps/FirstPersonExampleMap.FirstPersonExampleMap_C' with ClassGeneratedBy '/Game/Maps/FirstPersonExampleMap.FirstPersonExampleMap:PersistentLevel.FirstPersonExampleMap'
[2018.01.02-21.43.58:476][968]LogPlayLevel: PlayLevel: No blueprints needed recompiling
[2018.01.02-21.43.58:476][968]PIE: New page: PIE session: FirstPersonExampleMap (Jan 2, 2018, 7:43:58 AM)
[2018.01.02-21.43.58:477][968]LogPlayLevel: Creating play world package: /Game/Maps/UEDPIE_0_FirstPersonExampleMap
[2018.01.02-21.43.58:555][968]LogPlayLevel: PIE: StaticDuplicateObject took: (0.078739s)
[2018.01.02-21.43.58:556][968]LogAIModule: Creating AISystem for world FirstPersonExampleMap
[2018.01.02-21.43.58:557][968]LogPlayLevel: PIE: World Init took: (0.001536s)
[2018.01.02-21.43.58:558][968]LogPlayLevel: PIE: Created PIE world by copying editor world from /Game/Maps/FirstPersonExampleMap.FirstPersonExampleMap to /Game/Maps/UEDPIE_0_FirstPersonExampleMap.FirstPersonExampleMap (0.081247s)
[2018.01.02-21.43.58:573][968]LogInit: XAudio2 using 'Speakers (Sound Blaster Recon3Di)' : 2 channels at 48 kHz using 32 bits per sample (channel mask 0x3)
[2018.01.02-21.43.58:582][968]LogInit: FAudioDevice initialized.
[2018.01.02-21.43.58:613][968]LogLoad: Game class is 'BP_GameMode_C'
[2018.01.02-21.43.58:617][968]LogWorld: Bringing World /Game/Maps/UEDPIE_0_FirstPersonExampleMap.FirstPersonExampleMap up for play (max tick rate 60) at 2018.01.02-14.43.58
[2018.01.02-21.43.58:618][968]LogWorld: Bringing up level for play took: 0.004062
[2018.01.02-21.43.58:619][968]PIE: Play in editor start time for /Game/Maps/UEDPIE_0_FirstPersonExampleMap 0.887
[2018.01.02-21.43.58:620][968]LogBlueprintUserMessages: Late PlayInEditor Detection: Level '/Game/Maps/FirstPersonExampleMap.FirstPersonExampleMap:PersistentLevel' has LevelScriptBlueprint '/Game/Maps/FirstPersonExampleMap.FirstPersonExampleMap:PersistentLevel.FirstPersonExampleMap' with GeneratedClass '/Game/Maps/FirstPersonExampleMap.FirstPersonExampleMap_C' with ClassGeneratedBy '/Game/Maps/FirstPersonExampleMap.FirstPersonExampleMap:PersistentLevel.FirstPersonExampleMap'
[2018.01.02-21.44.12:858][716]LogBlueprintUserMessages: Early EndPlayMap Detection: Level '/Game/Maps/FirstPersonExampleMap.FirstPersonExampleMap:PersistentLevel' has LevelScriptBlueprint '/Game/Maps/FirstPersonExampleMap.FirstPersonExampleMap:PersistentLevel.FirstPersonExampleMap' with GeneratedClass '/Game/Maps/FirstPersonExampleMap.FirstPersonExampleMap_C' with ClassGeneratedBy '/Game/Maps/FirstPersonExampleMap.FirstPersonExampleMap:PersistentLevel.FirstPersonExampleMap'
[2018.01.02-21.44.12:903][716]LogBlueprintUserMessages: Late EndPlayMap Detection: Level '/Game/Maps/FirstPersonExampleMap.FirstPersonExampleMap:PersistentLevel' has LevelScriptBlueprint '/Game/Maps/FirstPersonExampleMap.FirstPersonExampleMap:PersistentLevel.FirstPersonExampleMap' with GeneratedClass '/Game/Maps/FirstPersonExampleMap.FirstPersonExampleMap_C' with ClassGeneratedBy '/Game/Maps/FirstPersonExampleMap.FirstPersonExampleMap:PersistentLevel.FirstPersonExampleMap'
[2018.01.02-21.47.10:229][403]LogVSAccessor: Warning: Couldn't access Visual Studio
[2018.01.02-21.47.10:259][403]Candidate modules for hot reload:
[2018.01.02-21.47.10:259][403]  FPSGame
[2018.01.02-21.47.10:260][403]Launching UnrealBuildTool... [C:/Program Files/Epic Games/UE_4.18/Engine/Binaries/DotNET/UnrealBuildTool.exe FPSGame -ModuleWithSuffix FPSGame 8354 Win64 Development -editorrecompile -canskiplink "C:/Users/antho/DevLocal/StealthGameProjectBase418/StealthGame/FPSGame.uproject" ]
[2018.01.02-21.47.10:263][403]Warning: Starting HotReload took  0.0s.
[2018.01.02-21.47.15:017][488]CompilerResultsLog: New page: Compilation - Jan 2, 2018, 7:47:15 AM
[2018.01.02-21.47.15:017][488]CompilerResultsLog: Using 'git status' to determine working set for adaptive non-unity build.
[2018.01.02-21.47.15:018][488]CompilerResultsLog: Compiling game modules for hot reload
[2018.01.02-21.47.15:018][488]CompilerResultsLog: Performing 3 actions (16 in parallel)
[2018.01.02-21.47.15:018][488]CompilerResultsLog: FPSAIGuard.cpp
[2018.01.02-21.47.15:018][488]CompilerResultsLog: [2/3] Link UE4Editor-FPSGame-8354.dll
[2018.01.02-21.47.15:018][488]CompilerResultsLog: [3/3] Link UE4Editor-FPSGame-8354.lib
[2018.01.02-21.47.15:018][488]CompilerResultsLog:    Creating library C:\Users\antho\DevLocal\StealthGameProjectBase418\StealthGame\Intermediate\Build\Win64\UE4Editor\Development\UE4Editor-FPSGame-8354.lib and object C:\Users\antho\DevLocal\StealthGameProjectBase418\StealthGame\Intermediate\Build\Win64\UE4Editor\Development\UE4Editor-FPSGame-8354.exp
[2018.01.02-21.47.15:019][488]CompilerResultsLog:    Creating library C:\Users\antho\DevLocal\StealthGameProjectBase418\StealthGame\Intermediate\Build\Win64\UE4Editor\Development\UE4Editor-FPSGame-8354.suppressed.lib and object C:\Users\antho\DevLocal\StealthGameProjectBase418\StealthGame\Intermediate\Build\Win64\UE4Editor\Development\UE4Editor-FPSGame-8354.suppressed.exp
[2018.01.02-21.47.15:019][488]CompilerResultsLog: Total build time: 4.27 seconds (Local executor: 2.93 seconds)
[2018.01.02-21.47.15:020][488]LogMainFrame: MainFrame: Module compiling took 4.791 seconds
[2018.01.02-21.47.15:122][488]LogClass: EAIState HotReload.
[2018.01.02-21.47.15:125][488]LogHotReload: Re-instancing FPSBlackHole after hot-reload.
[2018.01.02-21.47.15:182][488]LogHotReload: Re-instancing FPSExtractionZone after hot-reload.
[2018.01.02-21.47.15:382][488]LogHotReload: Re-instancing FPSLaunchPad after hot-reload.
[2018.01.02-21.47.15:604][488]LogContentBrowser: Native class hierarchy updated for 'FPSGame' in 0.0009 seconds. Added 9 classes and 3 folders.
[2018.01.02-21.47.15:606][488]Display: HotReload successful (7 functions remapped  0 scriptstructs remapped)
[2018.01.02-21.47.15:650][488]LogContentBrowser: Native class hierarchy populated in 0.0099 seconds. Added 2374 classes and 526 folders.
[2018.01.02-21.47.15:653][488]Display: HotReload took  5.4s.
